AAK6874|2215004|CONES|CATUAI|CATUAI|MINTON|1798440|NF:58347|79621|6300|400|13/05/2024|08:10:18|5960|401|13/05/2024|08:25:28|340
AAK6874|11111005|PAPER PARA CONE|CATUAI|CATUAI|MILTON CESAR|XXXXX|DESCARREGAR PAPEL LAMINADO|79419|5040|48|22/04/2024|11:24:35|4400|49|22/04/2024|11:46:58|640
ABC9X99|1111008|ACUCAR CRISTAL|NOME|NOME|NOME|99999|OBSERVACAO|79450|1|0|||0|104|24/04/2024|14:47:41|1
ACI6J67|1111008|ACUCAR CRISTAL|MARVI|MARVI|ABREU|18566|TESTE DE OPERAC~AO|79449|1|0|||0|103|24/04/2024|14:41:50|1
AES3D99|11111031|MASSINHA|MARVI|PARTICULAR|MARCOS ELI|XXX|MASSINHA > ELDER|79725|2540|574|22/05/2024|09:51:41|3520|577|22/05/2024|10:08:30|980
AHB0980|11111022|SUCATAS|MARVI|PARTICULAR|NATANAEL|XX|RETIRADA DE SUCATAS|79640|820|430|15/05/2024|08:54:47|1080|436|15/05/2024|10:09:01|260
AHB2540|11111022|SUCATAS|MARVI|PARTICULAR|NATANAEL|XXX|COMPRA DE SUCATAS|79777|820|661|28/05/2024|08:14:19|1240|663|28/05/2024|08:36:58|420
AHB2540|11111022|SUCATAS|MARVI|PARTICULAR|NATANAEL|XXXX|SUCATAS|79779|820|0|22/05/2024|14:18:53|1100|664|28/05/2024|09:30:44|280
AHB2540|11111022|SUCATAS|MARVI|PARTICULAR|NATANAEL|XXX|SUCATAS > AR CONDICIONADO|79780|1100|665|28/05/2024|09:31:27|1220|666|28/05/2024|09:44:21|120
AIT0690|11111000|PRODUTO MARVI|MARVI|PARTICULAR|LUIZ HENRIQUE|XXXX|RETIRADA SEM DOCA|79600|4180|368|10/05/2024|08:37:40|7040|370|10/05/2024|10:40:31|2860
AIT0690|11111000|PRODUTO MARVI|MARVI|PARTICULAR|LUIZ HENRIQUE|XXX|RETIRADA DOCA 4|79683|4200|508|18/05/2024|09:32:05|7580|512|18/05/2024|11:57:16|3380
AIT0690|11111000|PRODUTO MARVI|MARVI|PARTICULAR|LUIZ HENRIQUE|XXXX|RETIRADA DOCA 4|79492|4180|183|27/04/2024|07:50:18|6720|187|27/04/2024|09:57:38|2540
AIT0690|11111000|PRODUTO MARVI|MARVI|PARTICULAR|LUIS|XX|FRETEIRO|79774|4180|655|27/05/2024|13:19:37|7280|660|27/05/2024|15:00:54|3100
AIT0690|11111000|PRODUTO MARVI|MARVI|FRETE|LUIZ HENRIQUE|XXXXX|CARREGAR PRODUTOS MARVI|79549|4160|283|4/05/2024|07:42:31|7080|292|4/05/2024|09:58:09|2920
AIT0690|11111000|PRODUTO MARVI|MARVI|PARTICULAR|LUIS|XXX|RETIRADA|79639|4160|429|15/05/2024|07:39:21|7260|433|15/05/2024|09:59:32|3100
AQG2396|11111000|PRODUTO MARVI|MARVI|PARTICULAR|AMAURI SAID|XXX|CARREGAR PRODUTOS|79455|4220|113|25/04/2024|07:51:58|7560|123|25/04/2024|09:50:32|3340
AQG2D65|11111000|PRODUTO MARVI|MARVI|PARTICULAR|AMAURI SAID|XXX|COLETA > DOCA 5|79703|4120|536|20/05/2024|14:32:48|6420|543|20/05/2024|16:15:56|2300
AQG2D96|11111000|PRODUTO MARVI|MARVI|AMAURI|AMAURI|401007100|CARREGAR|79599|4140|367|10/05/2024|06:56:23|6520|369|10/05/2024|08:52:18|2380
AQG2D96|11111000|PRODUTO MARVI|MARVI|PARTICULAR|AMAURI SAID|XX|COLETA|79759|4120|634|25/05/2024|07:57:39|7240|636|25/05/2024|10:34:53|3120
AQG2D96|11111000|PRODUTO MARVI|MARVI|FRETE|AMAURI SAID|XXXXXX|CARREGAR|79527|4140|244|2/05/2024|07:58:51|6560|247|2/05/2024|09:23:53|2420
AQG2D96|11111000|PRODUTO MARVI|MARVI|PARTICULAR|AMAURI|XXX|FRETEIRO|79646|4140|441|15/05/2024|12:26:31|8640|448|15/05/2024|15:42:13|4500
AQP7369|11111000|PRODUTO MARVI|MARVI|PRODASA|VITOR MARQUES|XXXX|CARREGAR MERCADORIA MARVI|79547|9560|281|4/05/2024|07:09:55|10600|285|4/05/2024|07:55:18|1040
AXX1823|11111000|PRODUTO MARVI|MARVI|PARTICULAR|WESLEY RODRI|XXX|RETIRADA DE PRODUTOS|79582|1940|339|8/05/2024|09:45:54|2540|341|8/05/2024|10:34:07|600
AYK4841|11111000|PRODUTO MARVI|MARVI|PRODASA|JOSE MILTON|387078|RETIRADA|79641|18460|431|15/05/2024|09:14:50|19640|437|15/05/2024|10:14:49|1180
BCW8B26|11111000|PRODUTO MARVI|MARVI|O.S DOMINGUES|ODAIR SANCHES|XXX|COLETA DOCA 4|79782|1980|668|28/05/2024|10:01:08|2040|670|28/05/2024|11:04:35|60
BCW8B26|11111031|MASSINHA|MARVI|O.S DOMINGUES|ODAIR SANCHES|XXX|MASSINHA|79784|2040|671|28/05/2024|11:05:20|2120|672|28/05/2024|11:10:33|80
BJP5D24|11111000|PRODUTO MARVI|MARVI|PARTICULAR|JAIR|XXX|RETIRADA DE PRODUTO|79532|960|251|2/05/2024|11:02:28|1020|252|2/05/2024|11:25:45|60
BLK1828|11111031|MASSINHA|MARVI|PARTICULAR|VANI PROCOPIO|XXXX|MASSINHA 2|79563|740|307|6/05/2024|10:19:46|880|309|6/05/2024|10:27:36|140
BLK1828|11111031|MASSINHA|MARVI|PARTICULAR|VANI SOUZA|XXXX|COMPRA DE MASSINHA|79479|800|162|26/04/2024|09:14:10|860|163|26/04/2024|09:21:24|60
BLW4429|2227073|FRASCOS|VEMA|VEMA|MARCOS|XXX|NF:3591|79649|7580|446|15/05/2024|15:27:35|7520|447|15/05/2024|15:37:26|60
BPA6I83|11111031|MASSINHA|MARVI|PARTICULAR|JOAO HENRIQUE|CCCCC|COMPRA DE MASSINHA|79480|1180|164|26/04/2024|09:35:23|1220|166|26/04/2024|09:44:05|40
BUS0640|11111002|CAIXAS DE PAPELAO|BIKRAFIT|BIKRAFIT|FELIPE|XXX|NF:92274|79671|6660|485|17/05/2024|09:31:52|5660|489|17/05/2024|09:54:36|1000
BUS0640|11111005|PAPER PARA CONE|BIKRAT|BIKRAT|FELIPE|XXXXX|DESCARREGAR|79535|6560|256|2/05/2024|14:11:26|5580|260|2/05/2024|15:13:17|980
BWK1F67|11111001|PALETES|MARVI|CAMABARA|ROGENES|35393390|RETIRADA DE PALETES|79740|7460|598|23/05/2024|10:08:15|10620|601|23/05/2024|11:34:19|3160
BWK1F67|11111001|PALETES|MARVI|CAMBARA PALITE|ROGENES FERRE|XXXXX|PALITES COMPRA|79517|7480|226|30/04/2024|14:10:44|10380|229|30/04/2024|15:57:24|2900
BXC5I42|11111000|PRODUTO MARVI|MARVI|PARTICULAR|ARCHIMENDES|XXX|RETIRADA DE PRODUTOS|79581|4780|338|8/05/2024|08:31:25|8100|340|8/05/2024|09:57:16|3320
BXF8968|11111005|PAPER PARA CONE|RODONAVES|RODONAVES|DERLEI|XXXX|DESCARREGAR PAPEL DE CONES|79423|3900|55|22/04/2024|16:14:49|23840|59|22/04/2024|16:53:00|19940
BXF8J68|11111002|CAIXAS DE PAPELAO||RODONAVES|RAFAEL|XXX|ENTREGA|79507|3980|210|29/04/2024|16:01:43|3880|211|29/04/2024|16:16:09|100
BXI2711|11111031|MASSINHA|MARVI|PARTICULAR|JOSE ROBERTO|13717711890|COMPRA DE MASSINHA|79404|4300|20|20/04/2024|09:18:04|6880|24|20/04/2024|10:20:10|2580
BXI2711|11111031|MASSINHA|MARVI|PARTICULAR|JOSE ROBETO|1371771890|RETIRADA DE DOACAO|79407|6880|25|20/04/2024|10:22:39|8100|26|20/04/2024|10:44:38|1220
BZA9554|11111000|PRODUTO MARVI|MARVI|PANICAMPOS|EDER|1371388|RETIRADA|79675|5360|492|17/05/2024|10:38:19|6960|494|17/05/2024|11:26:24|1600
BZG5I74|11111042|PLASTICO RECICLAVEL|MARVI|RECICLAOURINHOS|ANDERSON DONIZE|XXX|COLETA DE RESIDUOS|79493|5020|184|27/04/2024|08:25:39|6840|188|27/04/2024|10:22:28|1820
CAD9J37|11111000|PRODUTO MARVI|MARVI|CHIQUINHO|SAULO|XXX|RETIRADA DOCA 3|79567|10380|313|6/05/2024|13:45:36|16300|317|6/05/2024|15:24:34|5920
CAD9J37|11111000|PRODUTO MARVI|MARVI|CHIQUINHO|SAULO|XXX|CARREGAR > DOCA 4|79700|10380|533|20/05/2024|12:56:23|16660|542|20/05/2024|15:36:53|6280
CHQ4D22|11111000|PRODUTO MARVI|MARVI|CHIQUINHO|RONALDO|33097229|RETIRADA|79712|10700|550|21/05/2024|08:00:27|17060|556|21/05/2024|10:23:34|6360
CHQ8A34|11111000|PRODUTO MARVI|MARVI|CHIQUINHO|MARCOS|XXX|CARREGAR|79717|11040|560|21/05/2024|12:13:14|17220|563|21/05/2024|14:40:52|6180
CKS2C52|11111012|OLEO DIESEL|UNIPETRO|UNIPETRO|HELIO|4360269|NF:218398|79770|33160|648|27/05/2024|09:38:35|16460|651|27/05/2024|10:46:54|16700
CLX5H67|11111031|MASSINHA|MARVI|PART|JACKSON ROBERTO|XXX|MASSINHA 2|79502|940|202|29/04/2024|09:36:58|1100|204|29/04/2024|09:47:25|160
CLX5H67|11111031|MASSINHA|MARVI|MARVI|JACKSON AMORIM|XXXXX|COMP'RA DE MASSINHA|79478|960|160|26/04/2024|08:44:49|1120|161|26/04/2024|08:51:12|160
CLX5H67|11111031|MASSINHA|MARVI|PARTICULAR|VERA LUCIA|XXXX|MASSINHA 1|79559|1120|300|6/05/2024|08:08:31|1340|301|6/05/2024|08:20:06|220
CLX5H67|11111031|MASSINHA|MARVI|PARTICULAR|VERA LUCIA|XXX|MASSINHA 1|79696|1120|525|20/05/2024|08:59:32|1340|527|20/05/2024|09:11:54|220
CNZ9234|2227073|FRASCOS|MARVI|PARTICULAR|RUBENS PERICLES|XXX|RETIRADA DE FRASCOS|79733|3600|586|22/05/2024|15:04:58|4400|589|22/05/2024|16:38:15|800
CNZ9234|11111002|CAIXAS DE PAPELAO|MARVI|PARTICULAR|RUBENS PERICLES|XXXX|COLETA DE PAPELAO / CIRS.|79568|3120|315|6/05/2024|14:54:48|6080|319|6/05/2024|17:25:52|2960
CNZ9234|11111002|CAIXAS DE PAPELAO|MARVI|PARTICULAR|RUBENS PERICLES|XXX|COLETA DE PAPELAO > CIRS|79730|3240|581|22/05/2024|14:05:29|3600|585|22/05/2024|15:03:06|360
CNZ9234|11111042|PLASTICO RECICLAVEL|MARVI|ASSI RECICLA|RUBENS ALVES|XXXXX|COMPRA DE PLASTICO RECICLAVEIS|79536|3200|259|2/05/2024|15:01:13|4740|267|2/05/2024|18:00:41|1540
CNZ9234|11111040|BALDES|MARVI|PARTICULAR|RUBENS PERICLES|XXX|COLETA DE BALDES|79467|3240|134|25/04/2024|14:43:41|4780|139|25/04/2024|17:41:17|1540
CNZ9234|11111002|CAIXAS DE PAPELAO|MARVI|PARTICULAR|RUBENS PERICLES|XXX|COLETA DE PAPELAO|79439|3220|86|23/04/2024|14:35:31|4720|88|23/04/2024|17:15:36|1500
CNZ9234|11111022|SUCATAS|MARVI|PARTICULAR|RUBENS|XXX|SUCATAS|79749|3660|614|23/05/2024|16:45:34|4000|616|23/05/2024|17:00:39|340
CNZ9234|11111022|SUCATAS|MARVI|PARTICULAR|RUBENS|XXX|SUCATAS|79747|3240|610|23/05/2024|15:52:27|3660|613|23/05/2024|16:45:01|420
COF0B99|11111000|PRODUTO MARVI|MARVI|CHIQUINHO|NILSON|XXX|RETIRADA|79719|10140|562|21/05/2024|14:16:19|16980|566|21/05/2024|16:08:24|6840
CSK0041|50953005|GAS GLP|ULTRA|ULTRA|MARCIO ROBERTO|XXX|GLP - KG - 22,240|79463|46000|127|25/04/2024|10:59:33|26380|133|25/04/2024|14:15:07|19620
CSK0A41|50953005|GAS GLP|ULTRAGAZ|ULTRAGAZ|MARCIO ALTOE|29699683|ENTREGA DE GLP PESO 19520|79533|43580|254|2/05/2024|13:11:03|27740|262|2/05/2024|15:37:54|15840
CUF0907|1111008|ACUCAR CRISTAL|COPERCUCAR|MARVI|DANILO|XXX|NF 71366|79440|43560|87|23/04/2024|16:52:58|16840|91|24/04/2024|07:13:51|26720
CUF0907|1111008|ACUCAR CRISTAL|COPERCUCAR|MARVIO|RAFAEL|XXX|DEVOLUCAO DE ACUCAR|79461|27700|125|25/04/2024|10:07:05|0|141|25/04/2024|18:24:02|27700
CUF0907|1111008|ACUCAR CRISTAL|COPERSUCAR|MARVI|DANILO|XXXX|ACUCAR OPESO 26452|79408|43560|27|20/04/2024|10:58:47|16840|47|22/04/2024|09:02:36|26720
CUF0907|1111008|ACUCAR CRISTAL|COPERSUCAR|MARVI|DANILO|XXXXX|ACUCAR CRITAL PESO 26387|79447|43320|99|24/04/2024|12:27:52|16840|114|25/04/2024|07:59:01|26480
CUF0907|1111008|ACUCAR CRISTAL|COOPERSUCR|MARTVI|RAFAEL|XXX|ACUCAR NF 71331|79395|43480|7|19/04/2024|16:49:02|16820|14|20/04/2024|07:23:22|26660
CUF0J07|1111008|ACUCAR CRISTAL|CVOPERSUGR|MARVI|DANILO|XXXXX|ACUCAR NF 71439 PESO 26406|79537|43360|261|2/05/2024|15:17:49|16840|268|3/05/2024|07:27:38|26520
CUF0J07|22222000|CHEGADA DE VIAGEM|MARVI|MARVI|RAFAEL|XX|DEVOLUCAO DE ACUCAR|79469|16800|140|25/04/2024|18:21:48|0|142|25/04/2024|18:24:38|16800
CUF0J07|1111008|ACUCAR CRISTAL|COP'ERCUCR|MARVI|DANILO|XXX|NF71405|79506|43520|209|29/04/2024|15:58:25|16820|241|2/05/2024|07:07:31|26700
CUF0J07|11111000|PRODUTO MARVI|MARVI|MARVI|DANILO|18936|SAIDA DE VIAGEM|79612|1|0|25/04/2024|18:21:48|27960|390|12/05/2024|12:10:11|27959
CUF0J07|11111000|PRODUTO MARVI|MARVI|MARVI|NELSON|XXX|DOACAO|79686|1|0|25/04/2024|18:21:48|39100|515|19/05/2024|07:59:27|39099
CUF0J07|1111008|ACUCAR CRISTAL|COOPERSUCR|MARVI|RAFAEL|XX|NF;71451|79545|43520|277|3/05/2024|15:04:27|16840|291|4/05/2024|09:52:39|26680
CUF0J07|1111008|ACUCAR CRISTAL|COPERCUCAR|MARVI|RAFAEL|XXX|DEVOLUCAO ACUCAR|79470|27700|0|||0|143|25/04/2024|18:25:56|27700
CYB2887|11111000|PRODUTO MARVI|MARVI|FRETE|DELCI|XXXX|CARREGAR FRETE PRO MARVI|79406|4260|23|20/04/2024|10:14:18|7500|29|20/04/2024|12:03:23|3240
CYB2I87|11111000|PRODUTO MARVI|MARVI|PARTICULAR|DELCI|XX|RETIRADA|79579|4260|335|7/05/2024|15:05:56|6240|337|7/05/2024|16:15:25|1980
CYN3I48|11111031|MASSINHA|MARVI|PARTICULAR|PAULO GRAVA|XXXX|RETIRADA DE MASSINHA > ELDER|79583|1300|342|8/05/2024|11:05:02|1640|343|8/05/2024|11:19:18|340
CYX1478|11111002|CAIXAS DE PAPELAO|MARVI|PARTICULAR|EDINELSON|XXX|PAPELAO|79608|1040|383|11/05/2024|10:27:00|1140|386|11/05/2024|10:57:03|100
CYX1478|11111002|CAIXAS DE PAPELAO|MARVI|PARTIPCULAR|EDINELSON|XXX|COLETA DE PAPELAO > CIRS|79680|1060|503|18/05/2024|08:23:14|1180|505|18/05/2024|08:48:24|120
CYX1478|11111002|CAIXAS DE PAPELAO|MARVI|PARTICULAR|EDINELSON SANTO|46193698|COMPRA DE CAIXAS PAPELAO|79403|1060|18|20/04/2024|08:26:41|1180|19|20/04/2024|08:57:57|120
CYX1478|11111002|CAIXAS DE PAPELAO|MARVI|PARTICULAR|EDINELSON SANTO|XXXXX|COMPRA DE PAPWLAO|79551|1040|287|4/05/2024|08:10:53|1100|290|4/05/2024|08:58:08|60
DBC0F65|50953005|GAS GLP|ULTRAGAZ|ULTRAGAZ|CLAUDINEI|21504777|NF003274449 KL20780|79750|44620|617|24/05/2024|06:58:10|23860|626|24/05/2024|11:01:38|20760
DBJ9801|11111031|MASSINHA|MARVI|PARTICULAR|MAURICIO DE ML|XXX|MASSINHA 4|79435|1040|78|23/04/2024|09:58:52|1140|79|23/04/2024|10:07:50|100
DDH5D46|11111031|MASSINHA|MARVI|PARTICULAR|PAULO ROBERTOP|XXXXX|COMPRA DE MASSINHA|79477|1260|158|26/04/2024|08:30:38|1320|159|26/04/2024|08:37:23|60
DFG1860|11111000|PRODUTO MARVI|MARVI|MARVI|JUAN / PED|XXX|LEVAR PRODU > MARVI LOJA|79786|1020|674|28/05/2024|15:25:56|1040|676|28/05/2024|15:36:17|20
DGU6006|11111031|MASSINHA|MARVI|PARTICULAR|JOSE CARLOS|XXX|MASSINHA 2|79433|1020|72|23/04/2024|09:10:24|1080|73|23/04/2024|09:19:30|60
DGU9840|11111031|MASSINHA|MARVI|PARTICULAR|MAGNO ROBERTO|XXX|MASSINHA 1|79429|920|66|23/04/2024|08:20:03|1000|67|23/04/2024|08:29:08|80
DGU9840|11111031|MASSINHA|MARVI|PARTICULAR|MAGNO JULIO|XXX|MASSINHA|79667|900|476|17/05/2024|08:00:34|1020|478|17/05/2024|08:05:54|120
DIA1I94|11111000|PRODUTO MARVI|MARVI|GROUP|ALEXANDRO|30803248|RETIRADA|79595|10640|361|9/05/2024|13:56:15|13500|364|9/05/2024|15:14:25|2860
DKI1E32|11111000|PRODUTO MARVI|MARVI|MARVI|WESLEY|18992|SAIDA|79691|1|0|28/04/2024|12:50:22|27000|520|19/05/2024|12:55:55|26999
DKI1E32|11111000|PRODUTO MARVI|MARVI|MARVI|JOAO C.|18739|SAINDO DE VIAGEM|79525|1|0|28/04/2024|12:50:22|28620|239|1/05/2024|12:51:02|28619
DKI1E32|11111000|PRODUTO MARVI|MARVI|MARVI|JOAO|XXXXX|VIAGEM|79498|27980|195|28/04/2024|12:50:22|0|196|28/04/2024|12:54:37|27980
DKI1E32|11111000|PRODUTO MARVI|MARVI|MARVI|JOAO|18942|SAIDA|79647|1|0|28/04/2024|12:50:22|25920|442|15/05/2024|12:32:21|25919
DKK2650|11111000|PRODUTO MARVI|MARVI|MARVI LOJA|LUCAS|19084|MARVI LOJA|79783|1120|0|23/05/2024|09:34:44|1260|669|28/05/2024|10:21:54|140
DLP4770|11111000|PRODUTO MARVI|MARVI|MARVI|RODRIGO PeD|XXX|SAIDA PARA LOJA CENTRO|79661|1020|466|16/05/2024|14:03:25|1100|467|16/05/2024|14:23:11|80
DLP4770|11111000|PRODUTO MARVI|MARVI|MARVI|RODRIGO PeD|XXX|CARREGAR LOJA CENTRO|79658|1080|461|16/05/2024|11:00:15|1100|465|16/05/2024|14:02:54|20
DNW5499|11111031|MASSINHA|MARVI|PARTICULAR|ELIAS CARVALHO|XXX|MASSINHA 3|79699|820|530|20/05/2024|09:30:30|880|531|20/05/2024|09:34:59|60
DPB2C44|11111000|PRODUTO MARVI|MARVI|RIBERFOODS|ANDRE LUIZ|XXXX|RETIRADA > S/DOCA|79654|18260|454|16/05/2024|08:20:03|25740|462|16/05/2024|11:48:30|7480
DUI0F22|11111037|BAGS|MARVI|WASHINGTON|ARY EDUARDO|XXX|COLETA DE BAGS|79751|12260|619|24/05/2024|08:17:42|12800|624|24/05/2024|10:15:24|540
EAX6861|11111040|BALDES|JAGUAR|JAGUAR|VALDECIR|22549471|NF: 299065|79487|10660|176|26/04/2024|13:32:22|8260|179|26/04/2024|14:39:52|2400
EFK2732|11111000|PRODUTO MARVI|MARVI|MARVI|NELSON|XXX|SAIDA DE VIAGEM SEM PESO|79413|33240|35|21/04/2024|12:24:07|33260|36|21/04/2024|12:24:15|20
EFK2732|11111000|PRODUTO MARVI|MARVI|MARVI|NELSON|XXX|CARREGAR|79438|18880|85|23/04/2024|14:18:13|26060|102|24/04/2024|12:50:03|7180
EFK2H32|11111000|PRODUTO MARVI|MARVI|MARVI|NELSON|XXXX|CARREGAR|79483|18880|170|26/04/2024|10:56:51|29940|193|28/04/2024|12:31:02|11060
EFK2H32|11111000|PRODUTO MARVI|MARVI|MARVI|NELSON|XXX|SAIDA DE VIAGEM|79572|1|0|26/04/2024|10:56:51|27380|324|7/05/2024|07:26:59|27379
EFK2H32|11111000|PRODUTO MARVI|MARVI|MARVI|NELSON|19054|RIO DE JANEIRO|79760|1|0|26/04/2024|10:56:51|26640|637|25/05/2024|12:44:45|26639
EFK2H32|11111007|BOBINAS|SAPORTI|MARVI|NELSON|18812|DESCARREGAR|79481|19100|165|26/04/2024|09:40:53|18880|169|26/04/2024|10:56:21|220
EFK2H32|11111000|PRODUTO MARVI|MARVI|MARVI|NELSON|18952|SAIDA|79624|1|0|26/04/2024|09:40:53|28280|405|13/05/2024|13:09:16|28279
EFU0D25|11111000|PRODUTO MARVI|MARVI|FALCONI|EVANILSON|DOCA 2|RETIRADA DE PRODUTOS DOCA 2|79629|11460|412|14/05/2024|08:46:45|11960|415|14/05/2024|09:42:11|500
EGT1C61|11111000|PRODUTO MARVI|MARVI|MARVI|ANDERSON|18938|SAIDA DE VIAGEM|79613|1|0|29/04/2024|12:01:47|23980|391|12/05/2024|12:12:36|23979
EGT1C61|11111000|PRODUTO MARVI|MARVI|MARVI|ANDERSON|19050|SAIDA DE VIAGEM|79742|1|0|||28820|603|23/05/2024|12:59:02|28819
EGT1C61|11111000|PRODUTO MARVI|MARVI|MARVI|ANDERSON|18902|SAIDA DE VAIGEM|79580|1|0|29/04/2024|12:01:47|28400|336|7/05/2024|15:20:39|28399
EGT1C61|11111000|PRODUTO MARVI|MARVI|MARVI|ANDERSON|18993|SAIDA JACAREI|79721|1|0|29/04/2024|12:01:47|24100|568|21/05/2024|18:38:34|24099
EHQ8E91|11111000|PRODUTO MARVI|MARVI|MARVI|PAULO|18976|SAIDA ACRE|79665|1|0|||23420|474|17/05/2024|07:41:31|23419
EHQ8E91|11111000|PRODUTO MARVI|MARVI|MARVI|PAULO G|18890|SAIDA DE VIAGEM|79553|1|0|||28700|294|5/05/2024|07:37:00|28699
EJI3281|11111012|OLEO DIESEL|UNIPETRO|UNIPETRO|EVERSON DINIZ|XXX|NF 217203 - KG 8,200|79454|29100|112|25/04/2024|07:19:59|12520|118|25/04/2024|08:54:39|16580
EJI3C81|11111012|OLEO DIESEL|UNIPETRO|UNIPETRO|EVERSON DINIZ|XXX|ENTREGA DE DIESEL NF 217584|79561|29020|303|6/05/2024|09:36:55|880|308|6/05/2024|10:26:11|28140
EJI3C81|11111012|OLEO DIESEL|UNIPETRO|UNIPETRO|GUILHERME|XXX|20,000 LITROS|79660|29180|464|16/05/2024|14:02:14|12480|470|16/05/2024|15:37:24|16700
EJI3C81|11111012|OLEO DIESEL|UNIPETRO|UNIPETRO|EVERSON DINIZ|XXX|OLEO DIESEL NF 217584|79564|29020|0|||12500|310|6/05/2024|10:48:57|16520
EJP6A00|11111001|PALETES|MARVI|PARTICULAR|ANTHUNY|XX|COMPRA DE PALETES|79734|3960|590|22/05/2024|16:55:17|4120|591|22/05/2024|17:07:32|160
ELI8220|11111000|PRODUTO MARVI|MARVI|MARVI|JUAN|XXX|IDA CA LOJA LEVAR CUBAS|79436|1040|80|23/04/2024|11:03:20|1080|81|23/04/2024|11:17:30|40
ELI8220|11111000|PRODUTO MARVI|MARVI|MARVI|JUAN|XXXXX|CARREGAR|79539|1000|265|2/05/2024|16:36:12|1080|266|2/05/2024|16:55:09|80
ELI8220|11111000|PRODUTO MARVI|MARVI|MARVI|RODRIGO PeD|XXXX|IDA A LOJA|79636|1100|424|14/05/2024|15:03:25|1140|425|14/05/2024|15:17:33|40
ENJ5E58|11111031|MASSINHA|MARVI|PARTICULAR|GUIDO HORACIO|XXX|MASSINHA|79670|1000|483|17/05/2024|09:21:49|1060|484|17/05/2024|09:29:38|60
ENY3136|11111031|MASSINHA|MARVI|PARTICULAR|CARLAO|XXX|DOACAO|79674|2600|490|17/05/2024|10:15:03|3300|491|17/05/2024|10:28:48|700
ENY4970|11111031|MASSINHA|MARVI|PARTICULAR|LUCIANO PAULINO|XXX|MASSINHA|79673|1780|487|17/05/2024|09:40:15|2220|488|17/05/2024|09:49:30|440
ENY4970|11111031|MASSINHA|MARVI|PARTICULAR|LUCIANO PAULIN|XXX|MASSINHA 3|79460|1780|122|25/04/2024|09:49:24|2060|124|25/04/2024|09:57:18|280
EPH6G91|11111000|PRODUTO MARVI|MARVI|AMENDE|UCAS|XX|RETIRADA|79718|960|561|21/05/2024|14:07:43|1180|564|21/05/2024|15:13:01|220
EPH6G91|11111000|PRODUTO MARVI|MARVI|AMENDESW|LUCAS|XXX|RETIRADA|79590|960|351|8/05/2024|15:29:14|1220|353|8/05/2024|16:24:36|260
EUQ0920|11111000|PRODUTO MARVI|MARVI|MARVI|ROGERIO|XXXX|CARREGSAR|79446|1400|98|24/04/2024|10:22:47|1140|105|24/04/2024|17:42:25|260
EUQ0920|11111000|PRODUTO MARVI|MARVI|MARVI|GUSTAVO|18899|SAIDA DE VIAGEM|79574|1|0|24/04/2024|10:22:47|1480|326|7/05/2024|08:19:06|1479
EUQ0920|11111000|PRODUTO MARVI|MARVI|MARVI|RAFAEL|18962|SAIDA PARA ENTREGAS. FIORINO|79635|1|0|8/05/2024|14:21:02|1300|422|14/05/2024|13:54:33|1299
EUQ0920|11111000|PRODUTO MARVI|MARVI|MARVI|JUAN PED|XXX|SAIDA PARA LOJA|79587|1140|347|8/05/2024|14:21:02|1200|349|8/05/2024|14:41:40|60
EUS8259|11111031|MASSINHA|MARVI|P'ARTICULAR|AURO MOURA|XXX|MASSINHA 3|79434|940|75|23/04/2024|09:28:58|1120|76|23/04/2024|09:36:26|180
EVX2I36|11111030|CASQUINHA MOIDA|MARVI|PARTICULAR|MARCELO|XXX|CASQUINHA|79643|2120|434|15/05/2024|10:04:36|2820|438|15/05/2024|10:35:53|700
EVZ1I26|11111030|CASQUINHA MOIDA|MARVI|PARTICULAR|MARCELO|XXX|RETIRADA DE CASQUINHA|79541|2160|270|3/05/2024|09:22:59|2700|273|3/05/2024|09:59:34|540
EVZ2826|11111031|MASSINHA|MARVI|PARTICULAR|MARCELO CALDEIA|ZZZZZ|COMPRA DE MASSINHA|79422|2120|53|22/04/2024|15:35:49|2480|54|22/04/2024|15:56:18|360
EVZ2I26|11111031|MASSINHA|MARVI|PARTICULAR|MARCELO CALDEIA|XXXX|COMPRA DE MASSINHA|79482|2040|167|26/04/2024|10:14:46|2440|168|26/04/2024|10:36:45|400
EWV2451|11111000|PRODUTO MARVI|MARVI|MARVI|JOEDER|XXXX|CARREGHAR|79405|13060|22|20/04/2024|10:00:10|13800|107|24/04/2024|21:36:41|740
EWV2E51|11111000|PRODUTO MARVI|MARVI|MARVI|EVERALDO|18935|SAIDA DE VIAGEM|79611|1|0|||22160|389|12/05/2024|09:07:37|22159
EWV2E51|11111000|PRODUTO MARVI|MARVI|M,ARVI|JOEDER|18856|VIAGEM|79516|1|0|||27700|225|30/04/2024|14:07:02|27699
EZL4423|99999010|MATERIAIS DIVERSOS|MARVI|FHC|CARLOS|6263110|RETIRADA DE DOACAO|79625|18360|406|13/05/2024|14:58:25|35700|410|13/05/2024|17:51:47|17340
EZW6C33|11111000|PRODUTO MARVI|MARVI|PARTICULAR|ULICES|XXX|RETIRADA DE PRODUTOS|79753|960|621|24/05/2024|09:03:13|1140|622|24/05/2024|09:37:53|180
EZW6C33|11111000|PRODUTO MARVI|MARVI|MARVI|ULISSES|XXX|RETIRADA|79669|1040|481|17/05/2024|08:43:28|1060|482|17/05/2024|09:13:52|20
FAC8560|11111000|PRODUTO MARVI|MARVI|MARVI|WILLAIN|XXXXX|CARREGAR|79448|22540|100|24/04/2024|12:32:03|22560|101|24/04/2024|12:32:15|20
FAC8F60|11111000|PRODUTO MARVI|MARVI|MARVI|WILIAN|18997|SAIDA|79741|1|0|||14280|602|23/05/2024|12:21:35|14279
FBD6297|11111031|MASSINHA|MARVI|PARTICULAR|LUCIANO CLEUBER|XXX|MASSINHA 2|79459|1020|120|25/04/2024|09:19:31|1140|121|25/04/2024|09:27:31|120
FBQ2339|11111000|PRODUTO MARVI|MARVI|MARVI|FELIPE|XXX|SAIDA SEM PESO ABERTO|79432|8800|70|23/04/2024|09:00:55|8800|71|23/04/2024|09:01:00|0
FBQ2D39|11111000|PRODUTO MARVI|MARVI|MARVI|ANISIO|18934|SAIDA DE VIAGEM|79622|1|0|||9540|402|13/05/2024|08:28:52|9539
FBQ2D39|11111000|PRODUTO MARVI|MARVI|MARVI|ANISIO|18897|SAIDA DE VIAGEM > MATO GROSSO|79695|1|0|||10420|524|20/05/2024|07:34:35|10419
FBQ2D39|11111000|PRODUTO MARVI|MARVI|Mrvi|anisio|19067|SAIDA MINAS GERAIS|79772|1|0|||10200|653|27/05/2024|13:06:34|10199
FBQ2D39|11111000|PRODUTO MARVI|MARVI|MARVI|CLAUDINEI|18854|SAIDA DE VIAGEM|79508|1|0|||9840|212|29/04/2024|16:22:28|9839
FBQ2D39|11111000|PRODUTO MARVI|MARVI|MARVI|ANISIO|18892|SAIDA DE VIAGEM|79565|1|0|||8400|311|6/05/2024|12:26:22|8399
FCC9942|11111000|PRODUTO MARVI|MARVI|SOVERMIX|PAULO SANTOS|XXXXX|CARREGAR PROD MARVI|79512|8940|221|30/04/2024|12:47:20|15040|227|30/04/2024|15:04:18|6100
FFQ9I90|11111000|PRODUTO MARVI|MARVI|MARVI|HERALDO|19016|LONDRINA|79709|1|0|||11700|547|21/05/2024|04:42:09|11699
FGR0367|11111031|MASSINHA|MARVI|PARTICULAR|MARCELO PRADO|XXX|MASSINHA 2|79684|1180|510|18/05/2024|10:56:59|1440|511|18/05/2024|11:01:31|260
FHC1112|11111031|MASSINHA|MARVI|PARTICULAR|ESTER SILVA|XXX|MASSINHA|79668|1240|479|17/05/2024|08:32:44|1300|480|17/05/2024|08:37:30|60
FHT1H82|2211066|EMBALAGENS|ANTARES|ANTARES|CREZO|340373398|NF:28055/056|79571|17420|322|6/05/2024|20:47:34|12920|323|6/05/2024|22:28:57|4500
FJQ5D89|11111000|PRODUTO MARVI|MARVI|MARVI|ANTONIO|19057|BRASILIA > DF|79763|1|0|||28160|640|26/05/2024|08:51:45|28159
FJQ5D89|11111000|PRODUTO MARVI|MARVI|MARVI|ELIEU|18948|SAIDA DE VIAGEM|79617|1|0|||21140|395|12/05/2024|15:26:49|21139
FKX8J59|11111000|PRODUTO MARVI|MARVI|MARVI|HERALDO|19043|OSASCO|79788|1|0|||15060|678|29/05/2024|02:08:58|15059
FKX8J60|11111000|PRODUTO MARVI|MARVI|MARVI|ELIENTON|19007|SAIDA DER VIAGEM|79687|1|0|||18560|516|19/05/2024|11:59:22|18559
FLE4I18|11111000|PRODUTO MARVI|MARVI|AMENDES,|LUCAS|XXXX|RETIRADA DOCA 1|79566|2200|312|6/05/2024|13:16:29|2240|314|6/05/2024|14:10:28|40
FLO6F23|11111000|PRODUTO MARVI|MARVI|RIBERFOODS|ANDRE LUIZ|3037256804|RETIRADA|79573|18240|325|7/05/2024|07:52:18|25340|328|7/05/2024|09:04:06|7100
FNA8E17|11111023|SACOS PLASTICOS|MARVI|SOUZA E FERNANS|REGINALDO|XXX|RETIRADA DE RECICLAGEM|79575|4420|327|7/05/2024|08:33:41|5280|329|7/05/2024|09:08:42|860
FNO0549|11111000|PRODUTO MARVI|MARVI|MARVI|RAFAEL|XXX|CARREGADO|79428|22660|63|23/04/2024|04:28:09|22660|64|23/04/2024|04:28:25|0
FNO0F49|11111000|PRODUTO MARVI|MARVI|MARVI|RAFAEL|19072|SAIDA PARA COTIA|79775|1|0|||23300|657|27/05/2024|13:34:25|23299
FNO0F49|22222000|CHEGADA DE VIAGEM|MARVI|MARVI|RAFAEL|XXX|VAZIO|79500|11560|200|28/04/2024|21:12:24|23300|513|18/05/2024|12:18:31|11740
FNO0F49|11111000|PRODUTO MARVI|MARVI|MARVI|RAFAEL|19005|SAIDA DE VIAGEM|79685|1|0|||23300|514|18/05/2024|12:19:39|23299
FNY3805|11111042|PLASTICO RECICLAVEL|MARVI|RECICLAOURINHOS|EDSON JESUS|XXX|COLETA DE RESIDUOS|79494|4480|185|27/04/2024|08:35:36|5560|189|27/04/2024|10:23:42|1080
FOA3536|11111031|MASSINHA|MARVI|PARTICULAR|VALDEMAR FEREZM|XXX|MASSINHA|79666|1080|475|17/05/2024|07:56:47|1300|477|17/05/2024|08:02:42|220
FOA3537|11111031|MASSINHA|MARVI|PARTICULAR|VALDEMAR FERESI|XXXXX|COMPRA DE MASSINHA|79476|1100|156|26/04/2024|08:21:19|1360|157|26/04/2024|08:28:12|260
FOA4339|11111000|PRODUTO MARVI|MARVI|MARVI|MARCIO|XXX|SAIDA SEM PESO ABERTO|79416|22460|42|21/04/2024|14:45:12|22460|43|21/04/2024|14:45:25|0
FOB3470|99999010|MATERIAIS DIVERSOS|MARVI|MARVI|CLAUDINEI|XXXXX|CARREGAR|79444|10720|95|24/04/2024|09:19:39|10240|96|24/04/2024|09:41:01|480
FOB3470|11111000|PRODUTO MARVI|MARVI|MARVI|CLAUDINEI|XXX|SAIDA SEM PESAGEM|79415|13920|40|21/04/2024|13:12:15|13920|41|21/04/2024|13:12:27|0
FOB3E70|11111000|PRODUTO MARVI|MARVI|MARVI|CLAUDINEI|18920|SAIDA DE VIAGEM|79618|1|0|||19160|396|12/05/2024|16:16:50|19159
FPG1G71|11111000|PRODUTO MARVI|MARVI|MARVI|RAFAEL|XXX|CARREGAR|79473|25040|150|26/04/2024|06:33:01|25040|151|26/04/2024|06:33:50|0
FPJ1671|11111000|PRODUTO MARVI|MARVI|MARVI|RAFAEL|XXX|SAIDA DE VIAGEM|79414|29700|38|21/04/2024|12:57:15|29700|39|21/04/2024|12:57:25|0
FPJ1671|11111000|PRODUTO MARVI|MARVI|MARVI|RAFAEL|XXXXX|CARREGAR|79442|15600|92|24/04/2024|07:58:03|15780|128|25/04/2024|11:58:03|180
FPJ1671|11111000|PRODUTO MARVI|MARVI|MARVI|MARCIO|XXX|CARREGAR|79464|15780|129|25/04/2024|11:58:21|35000|138|25/04/2024|16:32:58|19220
FPJ1G71|11111000|PRODUTO MARVI|MARVI|MARVI|RAFAEL|XXX|CARREGAR|79474|0|152|26/04/2024|06:38:14|0|153|26/04/2024|06:38:43|0
FPJ1G71|11111000|PRODUTO MARVI|MARVI|MARVI|RAFAEL|18877|SAINDO DE VIAGEM|79556|1|0|26/04/2024|06:38:14|21320|297|5/05/2024|12:38:40|21319
FPJ1G71|11111000|PRODUTO MARVI|MARVI|MARVI|RAFAEL|18939|SAIDA DE VIAGEM|79615|1|0|26/04/2024|06:38:14|23880|393|12/05/2024|13:03:39|23879
FPJ1G71|11111000|PRODUTO MARVI|MARVI|MARVI|RAFAEL|19051|SAIDA|79761|1|0|26/04/2024|06:38:14|31000|638|26/05/2024|05:57:02|30999
FPJ1G71|11111000|PRODUTO MARVI|MARVI|MARVI|RAFAEL|18964|SAIDA DE VIAGEM|79644|1|0|26/04/2024|06:38:14|28460|439|15/05/2024|12:09:03|28459
FPJ1G71|11111000|PRODUTO MARVI|MARVI|MARVI|RAFAEL|18991|SAIDA|79690|1|0|26/04/2024|06:38:14|24100|519|19/05/2024|12:54:22|24099
FQJ0E12|11111000|PRODUTO MARVI|MARVI|CHIQUINHO|MIGUEL PEDRO|XXX|RETIRADA DOCA 4|79589|10500|350|8/05/2024|15:00:25|16640|354|8/05/2024|16:39:58|6140
FRI0F09|11111000|PRODUTO MARVI|MARVI|MARVI|DAVI|19053|SAIDA|79744|1|0|||21460|605|23/05/2024|13:50:11|21459
FRI0F19|11111000|PRODUTO MARVI|MARVI|MARVI|DAVI|18881|SAIDA DE VIAGEM|79557|1|0|||22520|298|5/05/2024|12:42:29|22519
FRI0F19|11111000|PRODUTO MARVI|MARVI|MARVI|DAVI|19001|SAIDA|79694|1|0|||18860|523|20/05/2024|05:45:59|18859
FRI0F19|11111000|PRODUTO MARVI|MARVI|MARVI|DAVI|19001|SAIDA|79693|1|0|||0|522|20/05/2024|05:44:49|1
FRI0F19|11111000|PRODUTO MARVI|MARVI|MARVI]|DAVI|18954|SAIDA|79627|1|0|||20120|408|13/05/2024|15:38:34|20119
FSQ9I90|11111000|PRODUTO MARVI|MARVI|MARVI|CLAUDINEI|18885|SAIDA DE VIAGEM|79562|1|0|||11140|304|6/05/2024|09:53:26|11139
FSQ9I98|11111000|PRODUTO MARVI|MARVI|MARVI|IGOR|18946|SAIDA DE VIAGEM|79620|1|0|||15840|399|13/05/2024|07:05:44|15839
FTG3871|1112089|LEITE EM PO|NUTRI LAC|MARVI|WESLLEY|XXXXX|CARREGAR|79426|17280|61|22/04/2024|18:47:04|35000|137|25/04/2024|16:31:58|17720
FTG3871|11111020|CORANTE|MARVI|MARVI|RAFAEL|XXX|CORANTES|79392|17440|3|19/04/2024|15:04:27|24540|37|21/04/2024|12:55:30|7100
FTG3I71|11111000|PRODUTO MARVI|MARVI|MARVI|WESLEI|18895|VALINHOS|79664|1|0|10/05/2024|16:22:07|23380|473|17/05/2024|06:23:13|23379
FTG3I71|11111030|CASQUINHA MOIDA|MARVI|MARVI|WESLEY|XXX|CASQUINHA|79737|15620|594|23/05/2024|08:04:48|34060|600|23/05/2024|10:55:54|18440
FTG3I71|11111000|PRODUTO MARVI|MARVI|MARVI|ADILSON|19024|ABC|79710|1|0|10/05/2024|16:22:07|28480|548|21/05/2024|06:50:07|28479
FTG3I71|11111000|PRODUTO MARVI|MARVI|MARVI|WESLEY|19045|VALINHOS|79765|1|0|26/04/2024|11:01:59|24140|642|26/05/2024|13:04:01|24139
FTG3I71|11111000|PRODUTO MARVI|MARVI|MARVI|RAFAEL|18912|SAIDA DE VIAGEM|79585|1|0|26/04/2024|11:01:59|24220|345|8/05/2024|12:05:09|24219
FTG3I71|99999010|MATERIAIS DIVERSOS|DOACOES|MARVI|WESLEY|DOACOES|DOACOES RIO GRANDE DO SUL|79603|30740|374|10/05/2024|16:22:07|30740|375|10/05/2024|16:23:19|0
FTG3I71|11111000|PRODUTO MARVI|MARVI|MARVI|WESLEY|18884|SAINDO DE VIAGEM|79555|1|0|28/04/2024|12:48:12|30260|296|5/05/2024|12:36:53|30259
FTG3I71|11111000|PRODUTO MARVI|MARVI|MARVI|WESLEY|18843|VIAGEM|79515|1|0|28/04/2024|12:48:12|24520|224|30/04/2024|13:53:37|24519
FTG3I71|11111000|PRODUTO MARVI|MARVI|MARVI|WESLLEY|XXXX|SAIDA PARA VIAGEM|79497|21560|194|28/04/2024|12:48:12|0|197|28/04/2024|12:54:54|21560
FTG3I71|11111000|PRODUTO MARVI|MARVI|MARVI|WESLLEY|XXXXX|CARREGAR|79484|35080|171|26/04/2024|11:01:59|35100|172|26/04/2024|11:02:10|20
FTG3I71|11111000|PRODUTO MARVI|MARVI|MARVI|WESLEY|XXX|DOACAO RIO GRANDE DO SUL|79609|1|0|10/05/2024|16:22:07|30840|387|11/05/2024|11:05:39|30839
FUH5H50|11111000|PRODUTO MARVI|MARVI|MARVI|JONATAS|18967|CHOCOLANDIA|79638|1|0|||14560|428|15/05/2024|04:12:13|14559
FUH5H50|11111000|PRODUTO MARVI|MARVI|MARVI|WILLIAN|19039|GUARULHOS|79766|1|0|||21120|643|26/05/2024|13:13:10|21119
FUH5H50|11111000|PRODUTO MARVI|MARVI|MARVI|MARCIO|18998|CURITIBA|79729|1|0|||14140|580|22/05/2024|13:47:28|14139
FUN3719|11111000|PRODUTO MARVI|MARVI|MARVI|ROGERIO|XXXXX|CARREGAR|79424|23840|57|22/04/2024|16:52:36|23840|58|22/04/2024|16:52:47|0
FUN3H19|11111000|PRODUTO MARVI|MARVI|MARVI|ROGERIO|19006|SAIDA DE VIAGEM|79689|1|0|||22800|518|19/05/2024|12:50:50|22799
FVB1444|11111000|PRODUTO MARVI|MARVI|FRUTAP|ADILSON|3417008|RETIRADA|79678|11680|498|17/05/2024|16:26:06|13240|500|17/05/2024|16:44:12|1560
FVF8947|11111031|MASSINHA|MARVI|PARTTICULAR|REINALDO LIMA|XXX|MASSINHA 1|79456|1660|115|25/04/2024|08:31:13|2040|116|25/04/2024|08:37:57|380
FVT0G09|22222000|CHEGADA DE VIAGEM|MARVI|MARVI|EDVAldo|xxx|vazio|79411|10860|31|20/04/2024|19:29:41|11000|144|25/04/2024|18:52:52|140
FVT0G09|11111000|PRODUTO MARVI|MARVI|MARVI|CARLOS|19015|BELORIZONTE|79707|1|0|20/04/2024|19:29:41|22000|545|20/05/2024|19:30:54|21999
FVT0G09|2227073|FRASCOS|PLASTRICO|MARVI|WESLEI|XXX|NF 78057|79471|11000|145|25/04/2024|18:53:39|14900|198|28/04/2024|13:40:26|3900
FWE8441|11111000|PRODUTO MARVI|MARVI|MARVI|ADEMIR|XXXX|CARREGAR|79443|13000|94|24/04/2024|08:39:36|24720|111|25/04/2024|05:25:44|11720
FWE8441|11111000|PRODUTO MARVI|MARVI|MARVI|ADEMIR|18860|SAIDA DE VIAGEM|79522|1|0|24/04/2024|08:39:36|21780|235|1/05/2024|07:08:32|21779
FWEE8E41|11111000|PRODUTO MARVI|MARVI|MARVI|CLEBSON|19073|CUIABA|79781|1|0|||23300|667|28/05/2024|09:50:35|23299
FWN0I19|11111000|PRODUTO MARVI|MARVI|MARVI|ANTONIO|18917|SAIDA DE VIAGEM|79591|1|0|||19220|355|8/05/2024|17:15:05|19219
FXD3328|50953005|GAS GLP|ULTRAGAS|ULTRAGAS|VALDIR|XXX|PIT STOP|79630|20040|413|14/05/2024|08:59:57|19860|414|14/05/2024|09:10:37|180
FXK5191|11111013|CACAU EM PO|ALAM FOOD|MARVI|EVERALDO|XXXXX|DESCARREGAR CACAU|79409|18140|28|20/04/2024|12:01:53|29080|74|23/04/2024|09:25:58|10940
FXK5B91|11111000|PRODUTO MARVI|MARVI|MARVI|JOEDER|18913|BELO HORIZONTE|79592|1|0|||26760|356|9/05/2024|05:10:23|26759
FXK5B91|11111000|PRODUTO MARVI|MARVI|MARVI|JOEDER|19031|MARANHAO|79736|1|0|||23300|593|23/05/2024|06:25:04|23299
FXQ2B34|11111007|BOBINAS|INFLEX|INFLEX|MARCELO|XXX|ENTREGA DE BIBINAS KG 339,950|79757|1660|631|24/05/2024|17:44:50|1300|632|24/05/2024|18:01:34|360
FXT3D35|11111000|PRODUTO MARVI|MARVI|CHIQUINHO|JEFERSON LVES|XXXX|DOCA 4|79558|10600|299|6/05/2024|07:42:38|16980|306|6/05/2024|10:01:07|6380
FXV1H90|1111026|FARINHA DE TRIGO|BUNGE|BUNGE|ANDERSON|XXXXX|FARINHA PESO 31590|79530|51000|249|2/05/2024|10:08:10|19400|257|2/05/2024|14:13:37|31600
FXZ6160|11111000|PRODUTO MARVI|MARVI|MARVI|KLEBSON|18947|SAIDA VIAGEM|79610|1|0|||20260|388|12/05/2024|05:32:53|20259
FXZ6360|11111000|PRODUTO MARVI|MARVI|MARVI|KLEBERSON|18981|SAIDA DE VIAGEM|79688|1|0|||19860|517|19/05/2024|12:49:03|19859
FZG3B40|11111000|PRODUTO MARVI|MARVI|PARTICULAR|REGIS|XX|RETIRADA|79606|2260|380|11/05/2024|10:02:15|3580|385|11/05/2024|10:53:21|1320
FZG4130|11111000|PRODUTO MARVI|MARVI|FRETE|REGIS EVANDRO|42040160|RETIRADA DE MERCADORIA MARVI|79421|2260|52|22/04/2024|15:04:49|3320|56|22/04/2024|16:24:12|1060
FZG4B30|11111000|PRODUTO MARVI|MARVI|PARTICULAR|REGIS|XXX|RETIRADA DOCA 2|79787|2260|675|28/05/2024|15:32:59|3380|677|28/05/2024|16:25:32|1120
FZG4B40|11111000|PRODUTO MARVI|MARVI|PARTICULAR|REGIS|XXX|RETIRADA|79652|2260|451|15/05/2024|16:31:02|3480|453|15/05/2024|17:34:15|1220
GAW7G71|11111000|PRODUTO MARVI|MARVI|MARVI|DANIEL|18929|SAIDA DE VIAGEM|79597|1|0|||22340|363|9/05/2024|15:04:52|22339
GBI7369|11111000|PRODUTO MARVI|MARVI|MARVI|CARLOS|XXXXX|CVARREGAR|79410|11760|30|20/04/2024|16:12:36|21580|93|24/04/2024|08:22:39|9820
GBI7D69|11111000|PRODUTO MARVI|MARVI|MARVI|FELIPE|18894|SAIDA DE VIAGEM|79570|1|0|||25860|321|6/05/2024|17:47:34|25859
GBI7D69|11111000|PRODUTO MARVI|MARVI|MARVI|CARLOS|XXXX|CARREGAR|79489|11540|180|26/04/2024|16:01:08|0|320|6/05/2024|17:45:52|11540
GBI7D69|11111000|PRODUTO MARVI|MARVI|MARVI|FELIPE|19009|SAIDA|79692|1|0|26/04/2024|16:01:08|20680|521|19/05/2024|13:45:52|20679
GBJ0970|11111000|PRODUTO MARVI|MARVI|MARVI|IGOR|CCCCCC|CARREGAR|79425|8840|60|22/04/2024|18:39:55|13580|83|23/04/2024|13:06:19|4740
GBJ0970|11111000|PRODUTO MARVI|MARVI|MARVI|IGOR|XXX|SAIDA DE VIAGEM SEM PESAGEM|79412|14200|32|21/04/2024|11:37:54|14180|33|21/04/2024|11:38:08|20
GBJ0970|22222000|CHEGADA DE VIAGEM|MARVI|MARVI|CAROL|XXX|VAZIO|79451|8860|106|24/04/2024|19:08:54|13100|131|25/04/2024|12:05:05|4240
GBJ0J70|11111000|PRODUTO MARVI|MARVI|MARVI|HERALDO|18956|SAIDA VIAGEM|79628|1|0|||16320|411|14/05/2024|06:03:02|16319
GBJ0J70|11111000|PRODUTO MARVI|MARVI|MARVI|CAROLINE|19040|JACAREI|79764|1|0|||13720|641|26/05/2024|11:46:04|13719
GBJ0J70|11111000|PRODUTO MARVI|MARVI|MARVI|CARLOS|18986|VALINHOS|79731|1|0|||14120|582|22/05/2024|14:14:27|14119
GBJ0J70|11111000|PRODUTO MARVI|MARVI|MARVI|CAROL|18876|SAIDA VIAGEM|79554|1|0|||14280|295|5/05/2024|12:14:35|14279
GBJ0J70|11111000|PRODUTO MARVI|MARVI|MARVI|ELIEU|18995|SAIDA DE VIAGEM|79701|1|0|||13400|534|20/05/2024|13:46:39|13399
GBJ0J70|11111000|PRODUTO MARVI|MARVI|MARVI|CAROLINA|18878|SAIDA DE VIAGEM|79586|1|0|||13360|346|8/05/2024|12:31:17|13359
GBJ0J70|11111000|PRODUTO MARVI|MARVI|MARVI|ERALDO|18988|SAIDA DE VIAGEM|79659|1|0|||14340|463|16/05/2024|13:58:19|14339
GBJ7D69|11111000|PRODUTO MARVI|MARVI|MARVI|FELIPE|19062|MINAS > CONTAGEM|79762|1|0|||24600|639|26/05/2024|07:39:02|24599
GBR8C39|11111000|PRODUTO MARVI|MARVI|MARVI|ERLIENTON|18861|VIAGEM|79528|1|0|||14920|245|2/05/2024|08:47:50|14919
GCO0172|1121019|AMIDO MAX|CANDY MASR|CANDY|EMERSON TEODORO|341708215|NF5933 KL3300|79509|7240|214|29/04/2024|21:10:19|3880|215|29/04/2024|22:32:11|3360
GCT1F89|11111000|PRODUTO MARVI|MARVI|MARVI|EVERTON|18931|SAIDA DE VIAGEM|79616|1|0|||19780|394|12/05/2024|14:04:40|19779
GCT1F89|11111000|PRODUTO MARVI|MARVI|MARVI|EVERTON|19055|CURUMBA|79767|1|0|||19220|644|26/05/2024|16:58:46|19219
GCT1F89|11111000|PRODUTO MARVI|MARVI|MARVI|RAFAEL|18996|VIAGEM|79716|1|0|||14780|559|21/05/2024|12:02:24|14779
GDK4E85|11111031|MASSINHA|MARVI|PARTICULAR ELDR|EURICO JUNIOR|XXXXXX|COMPRA DE MASSINHA|79486|1760|174|26/04/2024|13:11:13|2000|175|26/04/2024|13:18:49|240
GFB0B37|11111000|PRODUTO MARVI|MARVI|OURIPAN|MARCOS VALEN|XXX|RETIRADA > DOCA 2|79656|2800|457|16/05/2024|09:39:05|2980|459|16/05/2024|10:03:12|180
GFS9460|11111042|PLASTICO RECICLAVEL|MARVI|RECICLA OURIN|EDSON JESUS|XXXXXX|CARREGAR DOACAO DE RECICLAGEM|79552|4960|289|4/05/2024|08:49:55|7380|293|4/05/2024|10:15:34|2420
GFS9460|11111042|PLASTICO RECICLAVEL|MARVI|RECICLA OURINHO|CARLOS ANTONIO|203615797|RECICLA RETIRADA DE DOACAO|79402|5020|17|20/04/2024|08:21:06|6860|21|20/04/2024|09:49:49|1840
GFW1482|11111000|PRODUTO MARVI|MARVI|MARVI|RAFAEL|BITREM|SAIDA DE VIAGEM|79417|0|44|21/04/2024|14:59:39|0|45|21/04/2024|14:59:51|0
GFW1E82|11111000|PRODUTO MARVI|MARVI|MARVI|RAFAEL|18840|BITREM-CENARIO ERRADO-SAID VIA|79619|0|397|12/05/2024|18:15:41|0|398|12/05/2024|18:15:54|0
GFX2A24|11111000|PRODUTO MARVI|MARVI|VISPAN|MARLON|XXX|COLETA DOCA 02|79754|3600|623|24/05/2024|10:07:01|4100|625|24/05/2024|10:51:07|500
GFY1988|11111031|MASSINHA|MARVI|PARTICULAR|WALTER MADEIRA|XXXXX|COMPAR DE MASSINHA|79511|1100|217|30/04/2024|07:40:25|1320|218|30/04/2024|07:49:50|220
GFY1988|11111031|MASSINHA|MARVI|PARTICULAR|WALTER ROBER|XXXX|MASSINHA 1|79681|1100|504|18/05/2024|08:47:00|1520|506|18/05/2024|08:57:21|420
GFY1988|11111031|MASSINHA|MARVI|PARTICULAR|WALTER MADEIRA|XXXXX|COMPRA DE MASSINHA|79550|1100|284|4/05/2024|07:53:27|1480|286|4/05/2024|08:03:47|380
GFZ3I01|11111000|PRODUTO MARVI|MARVI|MARVI|WILSON|18862|SAIDA DE VIAGEM|79523|1|0|26/04/2024|07:25:47|27240|236|1/05/2024|07:36:52|27239
GFZ3I01|11111002|CAIXAS DE PAPELAO|JAUENSE|MARVI|WILSON|XXXXX|CAIXA DE PAPELAO JAUENCE|79475|16880|154|26/04/2024|07:25:47|13120|155|26/04/2024|08:10:42|3760
GFZ3I01|11111000|PRODUTO MARVI|MARVI|MARVI|WILSON|19037|VIAGEM PARA O|79752|1|0|26/04/2024|07:25:47|22080|620|24/05/2024|08:22:41|22079
GGR2569|11111000|PRODUTO MARVI|MARVI|MARVI|LEANDRO|XXX|CARREGARDO|79453|17100|109|24/04/2024|21:46:51|17020|110|24/04/2024|21:47:06|80
GGR2F69|11111000|PRODUTO MARVI|MARVI|MARVI|EVERTON|19019|UMUARAMA|79711|1|0|26/04/2024|17:41:57|16820|549|21/05/2024|07:01:27|16819
GGR2F69|11111000|PRODUTO MARVI|MARVI|MARVI|LEANDRO|18911|SAINDO DE VIAGEM|79584|1|0|26/04/2024|17:41:57|14300|344|8/05/2024|12:02:59|14299
GGR2F69|11111000|PRODUTO MARVI|MARVI|MARVI|DANILO|18905|LOJA|79577|1|0|||12340|332|7/05/2024|12:40:58|12339
GGR2F69|1112089|LEITE EM PO|SERENISSIA|MARVI|LEANDRO|XXXXX|DESCARREGAR LEITE PO|79490|12960|181|26/04/2024|17:41:57|12340|331|7/05/2024|12:40:21|620
GGR2F69|11111000|PRODUTO MARVI|MARVFI|MARVI|PAULO|18944|SAIDA DE VIAGEM|79633|1|0|26/04/2024|17:41:57|14860|420|14/05/2024|13:08:05|14859
GGR8C39|11111000|PRODUTO MARVI|MARVI|MARVI|CARLOS|18972|SAIDA|79650|1|0|||12600|449|15/05/2024|15:47:23|12599
GHK6424|11111000|PRODUTO MARVI|MARVI|MARVI|EDUARDO|18841|SAINDO DE VIAGEM|79504|1|0|||27040|206|29/04/2024|12:45:27|27039
GHK6424|22222000|CHEGADA DE VIAGEM|MARVI|MARVI|EDUARDO|XXX|VAZIO|79399|18260|11|19/04/2024|19:24:02|25600|50|22/04/2024|12:39:27|7340
GHK6E24|11111000|PRODUTO MARVI|MARVI|MARVI|DANILO|18971|SAIDA RIO JANEIRO|79651|1|0|||28460|450|15/05/2024|16:18:42|28459
GHK6E24|11111000|PRODUTO MARVI|MARVI|MARVI|DANILO|19034|SAIDA VIAGEM|79722|1|0|||29440|569|22/05/2024|05:44:57|29439
GIA3184|99999010|MATERIAIS DIVERSOS|ARTIVINCO|MARVI|ADILSON|XXX|NF680451,NF680454 NF680456 NF|79400|23920|12|19/04/2024|21:16:03|25560|34|21/04/2024|12:10:51|1640
GIA3194|1121072|GLUCOSE MILHO PASTA|TEREOS|MARVI|RAFAEL|XXX|NF 124661- KG - 34,060|79458|53720|119|25/04/2024|09:17:58|19780|146|25/04/2024|21:17:35|33940
GIA3B84|11111000|PRODUTO MARVI|MARVI|MARVI|ADILSON|19041|SAIR VIAJAR CURITIBA|79785|1|0|26/04/2024|21:30:31|26180|673|28/05/2024|12:02:08|26179
GIA3B86|1121011|ACUCAR LIQUIDO|TEREOS|MARVI|ADILSON|XXX|NF000125550|79708|53520|546|20/05/2024|19:56:15|19640|551|21/05/2024|08:12:34|33880
GIM1682|11111004|ARLA|UNIPETRO|UNIPETRO|ALCIDES OLIVEOA|XXXXX|ARLA PESO 1000 LI|79401|21660|15|20/04/2024|07:45:55|20620|16|20/04/2024|07:58:11|1040
GIM1G82|11111004|ARLA|UNIPETRO|UNIPETRO|ALVIDES|28104422|NF:217861|79607|15620|381|11/05/2024|10:13:34|14560|384|11/05/2024|10:33:29|1060
GJI6I95|11111031|MASSINHA|MARVI|PART|SERGIO ANTONIO|XXX|MASSINHA 1|79501|1280|201|29/04/2024|09:35:58|1300|203|29/04/2024|09:40:37|20
GUF0J07|1111008|ACUCAR CRISTAL|COPERSUGAR|MARVI|DANILO|XXXX|ACUCAR NF 71424 PESO 26430|79519|43480|230|30/04/2024|16:04:36|16820|242|2/05/2024|07:08:11|26660
JAY0G34|11111002|CAIXAS DE PAPELAO|CATUAI|CATUAI|JOSE APARECIDO|XXXXX|CAIXA NF 58091/58089|79468|3720|135|25/04/2024|14:46:41|3360|136|25/04/2024|15:19:17|360
JAY0G34|11111005|PAPER PARA CONE|CATUAI|CATUAI|JOSE APARECIDO|SSSSS|DESCARREGAR|79538|4020|263|2/05/2024|15:42:07|3300|264|2/05/2024|16:01:41|720
JBY8005|1111008|ACUCAR CRISTAL|COPERSUCAR|MARVI|JOAO CARLOS|SSSSS|ACUCAR CRITAL PESO 21856|79420|44040|51|22/04/2024|14:49:59|43860|65|23/04/2024|05:53:03|180
JBY8005|1121072|GLUCOSE MILHO PASTA|GARGILL|MARVI|JOAO|XXX|NF 48259 - KG - 32,780|79390|52440|1|19/04/2024|14:48:03|19800|13|20/04/2024|07:17:09|32640
KRW0265|11111031|MASSINHA|MARVI|PARTICULAR|PAULO GAVA|XXXXX|COMPRA DE MASSINHA ELDER|79488|1220|177|26/04/2024|14:06:27|1300|178|26/04/2024|14:15:33|80
KUL9G80|11111042|PLASTICO RECICLAVEL|MARVI|RECICLA|ANDERSON DONI|XXX|COLETA DE RECICLAGEM > CIRS|79682|5040|507|18/05/2024|09:08:19|7040|509|18/05/2024|10:23:35|2000
KUM4G39|11111002|CAIXAS DE PAPELAO|COSTATEIXA|COSTA TEIXE|VALDEMAR|XXX|ENTREGA DEPOSITO > NF 261138|79755|13580|627|24/05/2024|11:28:18|10540|628|24/05/2024|12:53:23|3040
LEH8H83|1111052|LECITINA|AGROFOFODS|AGROFOODS|GIUMAR|4363159200|NF:83544|79542|16360|272|3/05/2024|09:50:22|9060|274|3/05/2024|10:25:24|7300
LQN8405|2227073|FRASCOS|PLASTIRICO|PLASTIRICO|CARLOS ALBERTO|429841759|NF:78474|79746|10000|608|23/05/2024|14:46:35|8940|611|23/05/2024|16:02:42|1060
LUG4J97|2215004|CONES|CATUAI|CATUAI|JOSE|XXX|ENTREGA NF 58597|79756|5340|629|24/05/2024|16:11:40|5020|630|24/05/2024|16:50:29|320
LUG4J97|2215004|CONES|CATUAI|CATUAI|JOSE|78196554|NF:58124|79594|7540|359|9/05/2024|11:23:18|6960|360|9/05/2024|11:54:16|580
MDZ3253|11111000|PRODUTO MARVI|MARVI|TRANS REAL|RINALDO GARCIA|PLACA CARRETA|PLACA DA CARRETA > 2 PESAGEM|79728|20960|578|22/05/2024|10:22:22|25520|587|22/05/2024|15:08:07|4560
MMJ0C23|11111000|PRODUTO MARVI|MARVI|PARTICULAR|JURANDIR|XXX|RETIRADA DOCA 4|79588|45040|348|8/05/2024|14:39:40|47560|352|8/05/2024|16:21:41|2520
PEP3E02|11111010|MATERIA PRIMA|BAUM|BAUM|OTAVIO|XX|POLPAS NF:96906|79768|1740|645|27/05/2024|07:15:54|1380|646|27/05/2024|07:41:46|360
PKE8H60|11111031|MASSINHA|MARVI|PARTICULAR|JONAS AZEVEDO|XXX|MASSINHA 2|79697|1200|526|20/05/2024|09:06:27|1420|528|20/05/2024|09:15:31|220
PLI3592|50953005|GAS GLP|ULTRAGAS|ULTRAGAS|VALDIR|2505398|GAS PIT STOP|79578|14060|333|7/05/2024|13:04:23|12940|334|7/05/2024|13:36:18|1120
QIG7161|11111007|BOBINAS|QIPLAST|QUIPLAST||XXX||79505|15400|207|29/04/2024|14:21:15|14140|208|29/04/2024|15:24:53|1260
QJR0195|1111026|FARINHA DE TRIGO|BUNGE|SUL AMERICA|WAGNER|45762617|NF.379190 KG:31,640|79546|51700|279|3/05/2024|17:23:28|20100|280|3/05/2024|20:35:16|31600
QUL9G80|11111042|PLASTICO RECICLAVEL|MARVI|RECICLA OURINHS|ANDERSON|6563054|RETIRADA DE RECICLAGEM|79605|5000|379|11/05/2024|09:02:59|6980|382|11/05/2024|10:16:16|1980
RAD0401|1111026|FARINHA DE TRIGO|BUNGE|BUNGE|GILBERTO|XXX|KG- 32,420|79457|51540|117|25/04/2024|08:41:03|19180|148|25/04/2024|23:08:10|32360
RAH5B37|1111026|FARINHA DE TRIGO|BUNGE|BUNGE|HUANDERSON|46237342|NF378504 KL32740|79472|51760|147|25/04/2024|23:04:46|19060|149|26/04/2024|01:43:03|32700
RXO6337|1111026|FARINHA DE TRIGO|BUNGE|BUNGE|DAVI LOPES|XXX|NF 378,216 - KG 33,530|79430|53660|68|23/04/2024|08:32:17|20160|84|23/04/2024|13:22:16|33500
RXZ4C91|11111002|CAIXAS DE PAPELAO|SOPASTA|SOPASTA|CASSIANO|XXXXX|DESCARREGAR SOPASTA|79529|17440|246|2/05/2024|08:51:03|14160|248|2/05/2024|09:52:12|3280
RYB6483|11111002|CAIXAS DE PAPELAO|SOPASTA|SOPASTA|GILSON LUIS|XXXX|NF 199212-41835|79441|19080|89|23/04/2024|17:37:13|13040|90|23/04/2024|19:19:04|6040
RYT0G36|11111002|CAIXAS DE PAPELAO|SOPASTA|SOPASTA|OTACIR|269094|NF:19951|79596|28060|362|9/05/2024|14:31:12|24060|365|9/05/2024|15:31:07|4000
RYU9511|1111026|FARINHA DE TRIGO|BUNGE|BUNGE|THIAGO GOMES|XXX|NF 377,842 - KG 32,500|79397|52800|0|||20340|9|19/04/2024|17:12:59|32460
SES4J98|11111010|MATERIA PRIMA|BAUM FRUIT|BAUM FRUIT|OTAVIO|XXX|ENTREGA DE POLPAS NO DEPOSITO|79663|8960|471|16/05/2024|15:56:55|8400|472|16/05/2024|16:34:45|560
SES4J98|11111010|MATERIA PRIMA|BAUM|BAUM|ADALBERTO|508021480|NF9706 KL500|79510|9240|216|30/04/2024|06:08:05|8720|220|30/04/2024|08:08:09|520
SFH3F84|11111000|PRODUTO MARVI|MARVI|SENDESKI|CIRSO GOMES|XXX|RETIRADA|79706|3440|541|20/05/2024|15:20:33|3920|544|20/05/2024|16:51:57|480
STF8F05|1111026|FARINHA DE TRIGO|BUNGE|SULAMERICA|WAGNER|XXX|KG 33,300|79602|53800|373|10/05/2024|14:30:08|20540|376|10/05/2024|16:32:02|33260
SUP2E66|11111000|PRODUTO MARVI|MARVI|TRANS REAL|RINALDO GARCIA|XXX|COLETA DE PRODUTOS > BITREM|79727|23020|576|22/05/2024|10:05:37|31320|588|22/05/2024|15:23:04|8300
