JBY8005|1121072|GLUCOSE MILHO PASTA|GARGILL|MARVI|JOAO|XXX|79390|NF 48259 - KG - 32,780|52440|1|19/04/2024|14:48:03|19800|13|20/04/2024|07:17:09|32640
FTG3871|11111020|CORANTE|MARVI|MARVI|RAFAEL|XXX|79392|CORANTES|17440|3|19/04/2024|15:04:27|24540|37|21/04/2024|12:55:30|7100
CUF0907|1111008|ACUCAR CRISTAL|COOPERSUCR|MARTVI|RAFAEL|XXX|79395|ACUCAR NF 71331|43480|7|19/04/2024|16:49:02|16820|14|20/04/2024|07:23:22|26660
RYU9511|1111026|FARINHA DE TRIGO|BUNGE|BUNGE|THIAGO GOMES|XXX|79397|NF 377,842 - KG 32,500|52800|0|||20340|9|19/04/2024|17:12:59|32460
GHK6424|22222000|CHEGADA DE VIAGEM|MARVI|MARVI|EDUARDO|XXX|79399|VAZIO|18260|11|19/04/2024|19:24:02|25600|50|22/04/2024|12:39:27|7340
GIA3184|99999010|MATERIAIS DIVERSOS|ARTIVINCO|MARVI|ADILSON|XXX|79400|NF680451,NF680454 NF680456 NF|23920|12|19/04/2024|21:16:03|25560|34|21/04/2024|12:10:51|1640
GIM1682|11111004|ARLA|UNIPETRO|UNIPETRO|ALCIDES OLIVEOA|XXXXX|79401|ARLA PESO 1000 LI|21660|15|20/04/2024|07:45:55|20620|16|20/04/2024|07:58:11|1040
GFS9460|11111042|PLASTICO RECICLAVEL|MARVI|RECICLA OURINHO|CARLOS ANTONIO|203615797|79402|RECICLA RETIRADA DE DOACAO|5020|17|20/04/2024|08:21:06|6860|21|20/04/2024|09:49:49|1840
CYX1478|11111002|CAIXAS DE PAPELAO|MARVI|PARTICULAR|EDINELSON SANTO|46193698|79403|COMPRA DE CAIXAS PAPELAO|1060|18|20/04/2024|08:26:41|1180|19|20/04/2024|08:57:57|120
BXI2711|11111031|MASSINHA|MARVI|PARTICULAR|JOSE ROBERTO|13717711890|79404|COMPRA DE MASSINHA|4300|20|20/04/2024|09:18:04|6880|24|20/04/2024|10:20:10|2580
EWV2451|11111000|PRODUTO MARVI|MARVI|MARVI|JOEDER|XXXX|79405|CARREGHAR|13060|22|20/04/2024|10:00:10|13800|107|24/04/2024|21:36:41|740
CYB2887|11111000|PRODUTO MARVI|MARVI|FRETE|DELCI|XXXX|79406|CARREGAR FRETE PRO MARVI|4260|23|20/04/2024|10:14:18|7500|29|20/04/2024|12:03:23|3240
BXI2711|11111031|MASSINHA|MARVI|PARTICULAR|JOSE ROBETO|1371771890|79407|RETIRADA DE DOACAO|6880|25|20/04/2024|10:22:39|8100|26|20/04/2024|10:44:38|1220
CUF0907|1111008|ACUCAR CRISTAL|COPERSUCAR|MARVI|DANILO|XXXX|79408|ACUCAR OPESO 26452|43560|27|20/04/2024|10:58:47|16840|47|22/04/2024|09:02:36|26720
FXK5191|11111013|CACAU EM PO|ALAM FOOD|MARVI|EVERALDO|XXXXX|79409|DESCARREGAR CACAU|18140|28|20/04/2024|12:01:53|29080|74|23/04/2024|09:25:58|10940
GBI7369|11111000|PRODUTO MARVI|MARVI|MARVI|CARLOS|XXXXX|79410|CVARREGAR|11760|30|20/04/2024|16:12:36|21580|93|24/04/2024|08:22:39|9820
FVT0G09|22222000|CHEGADA DE VIAGEM|MARVI|MARVI|EDVAldo|xxx|79411|vazio|10860|31|20/04/2024|19:29:41|11000|144|25/04/2024|18:52:52|140
GBJ0970|11111000|PRODUTO MARVI|MARVI|MARVI|IGOR|XXX|79412|SAIDA DE VIAGEM SEM PESAGEM|14200|32|21/04/2024|11:37:54|14180|33|21/04/2024|11:38:08|20
EFK2732|11111000|PRODUTO MARVI|MARVI|MARVI|NELSON|XXX|79413|SAIDA DE VIAGEM SEM PESO|33240|35|21/04/2024|12:24:07|33260|36|21/04/2024|12:24:15|20
FPJ1671|11111000|PRODUTO MARVI|MARVI|MARVI|RAFAEL|XXX|79414|SAIDA DE VIAGEM|29700|38|21/04/2024|12:57:15|29700|39|21/04/2024|12:57:25|0
FOB3470|11111000|PRODUTO MARVI|MARVI|MARVI|CLAUDINEI|XXX|79415|SAIDA SEM PESAGEM|13920|40|21/04/2024|13:12:15|13920|41|21/04/2024|13:12:27|0
FOA4339|11111000|PRODUTO MARVI|MARVI|MARVI|MARCIO|XXX|79416|SAIDA SEM PESO ABERTO|22460|42|21/04/2024|14:45:12|22460|43|21/04/2024|14:45:25|0
GFW1482|11111000|PRODUTO MARVI|MARVI|MARVI|RAFAEL|BITREM|79417|SAIDA DE VIAGEM|0|44|21/04/2024|14:59:39|0|45|21/04/2024|14:59:51|0
AAK6874|11111005|PAPER PARA CONE|CATUAI|CATUAI|MILTON CESAR|XXXXX|79419|DESCARREGAR PAPEL LAMINADO|5040|48|22/04/2024|11:24:35|4400|49|22/04/2024|11:46:58|640
JBY8005|1111008|ACUCAR CRISTAL|COPERSUCAR|MARVI|JOAO CARLOS|SSSSS|79420|ACUCAR CRITAL PESO 21856|44040|51|22/04/2024|14:49:59|43860|65|23/04/2024|05:53:03|180
FZG4130|11111000|PRODUTO MARVI|MARVI|FRETE|REGIS EVANDRO|42040160|79421|RETIRADA DE MERCADORIA MARVI|2260|52|22/04/2024|15:04:49|3320|56|22/04/2024|16:24:12|1060
EVZ2826|11111031|MASSINHA|MARVI|PARTICULAR|MARCELO CALDEIA|ZZZZZ|79422|COMPRA DE MASSINHA|2120|53|22/04/2024|15:35:49|2480|54|22/04/2024|15:56:18|360
BXF8968|11111005|PAPER PARA CONE|RODONAVES|RODONAVES|DERLEI|XXXX|79423|DESCARREGAR PAPEL DE CONES|3900|55|22/04/2024|16:14:49|23840|59|22/04/2024|16:53:00|19940
FUN3719|11111000|PRODUTO MARVI|MARVI|MARVI|ROGERIO|XXXXX|79424|CARREGAR|23840|57|22/04/2024|16:52:36|23840|58|22/04/2024|16:52:47|0
GBJ0970|11111000|PRODUTO MARVI|MARVI|MARVI|IGOR|CCCCCC|79425|CARREGAR|8840|60|22/04/2024|18:39:55|13580|83|23/04/2024|13:06:19|4740
FTG3871|1112089|LEITE EM PO|NUTRI LAC|MARVI|WESLLEY|XXXXX|79426|CARREGAR|17280|61|22/04/2024|18:47:04|35000|137|25/04/2024|16:31:58|17720
FNO0549|11111000|PRODUTO MARVI|MARVI|MARVI|RAFAEL|XXX|79428|CARREGADO|22660|63|23/04/2024|04:28:09|22660|64|23/04/2024|04:28:25|0
DGU9840|11111031|MASSINHA|MARVI|PARTICULAR|MAGNO ROBERTO|XXX|79429|MASSINHA 1|920|66|23/04/2024|08:20:03|1000|67|23/04/2024|08:29:08|80
RXO6337|1111026|FARINHA DE TRIGO|BUNGE|BUNGE|DAVI LOPES|XXX|79430|NF 378,216 - KG 33,530|53660|68|23/04/2024|08:32:17|20160|84|23/04/2024|13:22:16|33500
FBQ2339|11111000|PRODUTO MARVI|MARVI|MARVI|FELIPE|XXX|79432|SAIDA SEM PESO ABERTO|8800|70|23/04/2024|09:00:55|8800|71|23/04/2024|09:01:00|0
DGU6006|11111031|MASSINHA|MARVI|PARTICULAR|JOSE CARLOS|XXX|79433|MASSINHA 2|1020|72|23/04/2024|09:10:24|1080|73|23/04/2024|09:19:30|60
EUS8259|11111031|MASSINHA|MARVI|P'ARTICULAR|AURO MOURA|XXX|79434|MASSINHA 3|940|75|23/04/2024|09:28:58|1120|76|23/04/2024|09:36:26|180
DBJ9801|11111031|MASSINHA|MARVI|PARTICULAR|MAURICIO DE ML|XXX|79435|MASSINHA 4|1040|78|23/04/2024|09:58:52|1140|79|23/04/2024|10:07:50|100
ELI8220|11111000|PRODUTO MARVI|MARVI|MARVI|JUAN|XXX|79436|IDA CA LOJA LEVAR CUBAS|1040|80|23/04/2024|11:03:20|1080|81|23/04/2024|11:17:30|40
EFK2732|11111000|PRODUTO MARVI|MARVI|MARVI|NELSON|XXX|79438|CARREGAR|18880|85|23/04/2024|14:18:13|26060|102|24/04/2024|12:50:03|7180
CNZ9234|11111002|CAIXAS DE PAPELAO|MARVI|PARTICULAR|RUBENS PERICLES|XXX|79439|COLETA DE PAPELAO|3220|86|23/04/2024|14:35:31|4720|88|23/04/2024|17:15:36|1500
CUF0907|1111008|ACUCAR CRISTAL|COPERCUCAR|MARVI|DANILO|XXX|79440|NF 71366|43560|87|23/04/2024|16:52:58|16840|91|24/04/2024|07:13:51|26720
RYB6483|11111002|CAIXAS DE PAPELAO|SOPASTA|SOPASTA|GILSON LUIS|XXXX|79441|NF 199212-41835|19080|89|23/04/2024|17:37:13|13040|90|23/04/2024|19:19:04|6040
FPJ1671|11111000|PRODUTO MARVI|MARVI|MARVI|RAFAEL|XXXXX|79442|CARREGAR|15600|92|24/04/2024|07:58:03|15780|128|25/04/2024|11:58:03|180
FWE8441|11111000|PRODUTO MARVI|MARVI|MARVI|ADEMIR|XXXX|79443|CARREGAR|13000|94|24/04/2024|08:39:36|24720|111|25/04/2024|05:25:44|11720
FOB3470|99999010|MATERIAIS DIVERSOS|MARVI|MARVI|CLAUDINEI|XXXXX|79444|CARREGAR|10720|95|24/04/2024|09:19:39|10240|96|24/04/2024|09:41:01|480
EUQ0920|11111000|PRODUTO MARVI|MARVI|MARVI|ROGERIO|XXXX|79446|CARREGSAR|1400|98|24/04/2024|10:22:47|1140|105|24/04/2024|17:42:25|260
CUF0907|1111008|ACUCAR CRISTAL|COPERSUCAR|MARVI|DANILO|XXXXX|79447|ACUCAR CRITAL PESO 26387|43320|99|24/04/2024|12:27:52|16840|114|25/04/2024|07:59:01|26480
FAC8560|11111000|PRODUTO MARVI|MARVI|MARVI|WILLAIN|XXXXX|79448|CARREGAR|22540|100|24/04/2024|12:32:03|22560|101|24/04/2024|12:32:15|20
ACI6J67|1111008|ACUCAR CRISTAL|MARVI|MARVI|ABREU|18566|79449|TESTE DE OPERAC~AO|1|0|||0|103|24/04/2024|14:41:50|1
ABC9X99|1111008|ACUCAR CRISTAL|NOME|NOME|NOME|99999|79450|OBSERVACAO|1|0|||0|104|24/04/2024|14:47:41|1
GBJ0970|22222000|CHEGADA DE VIAGEM|MARVI|MARVI|CAROL|XXX|79451|VAZIO|8860|106|24/04/2024|19:08:54|13100|131|25/04/2024|12:05:05|4240
GGR2569|11111000|PRODUTO MARVI|MARVI|MARVI|LEANDRO|XXX|79453|CARREGARDO|17100|109|24/04/2024|21:46:51|17020|110|24/04/2024|21:47:06|80
EJI3281|11111012|OLEO DIESEL|UNIPETRO|UNIPETRO|EVERSON DINIZ|XXX|79454|NF 217203 - KG 8,200|29100|112|25/04/2024|07:19:59|12520|118|25/04/2024|08:54:39|16580
AQG2396|11111000|PRODUTO MARVI|MARVI|PARTICULAR|AMAURI SAID|XXX|79455|CARREGAR PRODUTOS|4220|113|25/04/2024|07:51:58|7560|123|25/04/2024|09:50:32|3340
FVF8947|11111031|MASSINHA|MARVI|PARTTICULAR|REINALDO LIMA|XXX|79456|MASSINHA 1|1660|115|25/04/2024|08:31:13|2040|116|25/04/2024|08:37:57|380
RAD0401|1111026|FARINHA DE TRIGO|BUNGE|BUNGE|GILBERTO|XXX|79457|KG- 32,420|51540|117|25/04/2024|08:41:03|19180|148|25/04/2024|23:08:10|32360
GIA3194|1121072|GLUCOSE MILHO PASTA|TEREOS|MARVI|RAFAEL|XXX|79458|NF 124661- KG - 34,060|53720|119|25/04/2024|09:17:58|19780|146|25/04/2024|21:17:35|33940
FBD6297|11111031|MASSINHA|MARVI|PARTICULAR|LUCIANO CLEUBER|XXX|79459|MASSINHA 2|1020|120|25/04/2024|09:19:31|1140|121|25/04/2024|09:27:31|120
ENY4970|11111031|MASSINHA|MARVI|PARTICULAR|LUCIANO PAULIN|XXX|79460|MASSINHA 3|1780|122|25/04/2024|09:49:24|2060|124|25/04/2024|09:57:18|280
CUF0907|1111008|ACUCAR CRISTAL|COPERCUCAR|MARVIO|RAFAEL|XXX|79461|DEVOLUCAO DE ACUCAR|27700|125|25/04/2024|10:07:05|0|141|25/04/2024|18:24:02|27700
CSK0041|50953005|GAS GLP|ULTRA|ULTRA|MARCIO ROBERTO|XXX|79463|GLP - KG - 22,240|46000|127|25/04/2024|10:59:33|26380|133|25/04/2024|14:15:07|19620
FPJ1671|11111000|PRODUTO MARVI|MARVI|MARVI|MARCIO|XXX|79464|CARREGAR|15780|129|25/04/2024|11:58:21|35000|138|25/04/2024|16:32:58|19220
CNZ9234|11111040|BALDES|MARVI|PARTICULAR|RUBENS PERICLES|XXX|79467|COLETA DE BALDES|3240|134|25/04/2024|14:43:41|4780|139|25/04/2024|17:41:17|1540
JAY0G34|11111002|CAIXAS DE PAPELAO|CATUAI|CATUAI|JOSE APARECIDO|XXXXX|79468|CAIXA NF 58091/58089|3720|135|25/04/2024|14:46:41|3360|136|25/04/2024|15:19:17|360
CUF0J07|22222000|CHEGADA DE VIAGEM|MARVI|MARVI|RAFAEL|XX|79469|DEVOLUCAO DE ACUCAR|16800|140|25/04/2024|18:21:48|0|142|25/04/2024|18:24:38|16800
CUF0J07|1111008|ACUCAR CRISTAL|COPERCUCAR|MARVI|RAFAEL|XXX|79470|DEVOLUCAO ACUCAR|27700|0|||0|143|25/04/2024|18:25:56|27700
FVT0G09|2227073|FRASCOS|PLASTRICO|MARVI|WESLEI|XXX|79471|NF 78057|11000|145|25/04/2024|18:53:39|14900|198|28/04/2024|13:40:26|3900
RAH5B37|1111026|FARINHA DE TRIGO|BUNGE|BUNGE|HUANDERSON|46237342|79472|NF378504 KL32740|51760|147|25/04/2024|23:04:46|19060|149|26/04/2024|01:43:03|32700
FPG1G71|11111000|PRODUTO MARVI|MARVI|MARVI|RAFAEL|XXX|79473|CARREGAR|25040|150|26/04/2024|06:33:01|25040|151|26/04/2024|06:33:50|0
FPJ1G71|11111000|PRODUTO MARVI|MARVI|MARVI|RAFAEL|XXX|79474|CARREGAR|0|152|26/04/2024|06:38:14|0|153|26/04/2024|06:38:43|0
GFZ3I01|11111002|CAIXAS DE PAPELAO|JAUENSE|MARVI|WILSON|XXXXX|79475|CAIXA DE PAPELAO JAUENCE|16880|154|26/04/2024|07:25:47|13120|155|26/04/2024|08:10:42|3760
FOA3537|11111031|MASSINHA|MARVI|PARTICULAR|VALDEMAR FERESI|XXXXX|79476|COMPRA DE MASSINHA|1100|156|26/04/2024|08:21:19|1360|157|26/04/2024|08:28:12|260
DDH5D46|11111031|MASSINHA|MARVI|PARTICULAR|PAULO ROBERTOP|XXXXX|79477|COMPRA DE MASSINHA|1260|158|26/04/2024|08:30:38|1320|159|26/04/2024|08:37:23|60
CLX5H67|11111031|MASSINHA|MARVI|MARVI|JACKSON AMORIM|XXXXX|79478|COMP'RA DE MASSINHA|960|160|26/04/2024|08:44:49|1120|161|26/04/2024|08:51:12|160
BLK1828|11111031|MASSINHA|MARVI|PARTICULAR|VANI SOUZA|XXXX|79479|COMPRA DE MASSINHA|800|162|26/04/2024|09:14:10|860|163|26/04/2024|09:21:24|60
BPA6I83|11111031|MASSINHA|MARVI|PARTICULAR|JOAO HENRIQUE|CCCCC|79480|COMPRA DE MASSINHA|1180|164|26/04/2024|09:35:23|1220|166|26/04/2024|09:44:05|40
EFK2H32|11111007|BOBINAS|SAPORTI|MARVI|NELSON|18812|79481|DESCARREGAR|19100|165|26/04/2024|09:40:53|18880|169|26/04/2024|10:56:21|220
EVZ2I26|11111031|MASSINHA|MARVI|PARTICULAR|MARCELO CALDEIA|XXXX|79482|COMPRA DE MASSINHA|2040|167|26/04/2024|10:14:46|2440|168|26/04/2024|10:36:45|400
EFK2H32|11111000|PRODUTO MARVI|MARVI|MARVI|NELSON|XXXX|79483|CARREGAR|18880|170|26/04/2024|10:56:51|29940|193|28/04/2024|12:31:02|11060
FTG3I71|11111000|PRODUTO MARVI|MARVI|MARVI|WESLLEY|XXXXX|79484|CARREGAR|35080|171|26/04/2024|11:01:59|35100|172|26/04/2024|11:02:10|20
GDK4E85|11111031|MASSINHA|MARVI|PARTICULAR ELDR|EURICO JUNIOR|XXXXXX|79486|COMPRA DE MASSINHA|1760|174|26/04/2024|13:11:13|2000|175|26/04/2024|13:18:49|240
EAX6861|11111040|BALDES|JAGUAR|JAGUAR|VALDECIR|22549471|79487|NF: 299065|10660|176|26/04/2024|13:32:22|8260|179|26/04/2024|14:39:52|2400
KRW0265|11111031|MASSINHA|MARVI|PARTICULAR|PAULO GAVA|XXXXX|79488|COMPRA DE MASSINHA ELDER|1220|177|26/04/2024|14:06:27|1300|178|26/04/2024|14:15:33|80
GBI7D69|11111000|PRODUTO MARVI|MARVI|MARVI|CARLOS|XXXX|79489|CARREGAR|11540|180|26/04/2024|16:01:08|0|320|6/05/2024|17:45:52|11540
GGR2F69|1112089|LEITE EM PO|SERENISSIA|MARVI|LEANDRO|XXXXX|79490|DESCARREGAR LEITE PO|12960|181|26/04/2024|17:41:57|12340|331|7/05/2024|12:40:21|620
AIT0690|11111000|PRODUTO MARVI|MARVI|PARTICULAR|LUIZ HENRIQUE|XXXX|79492|RETIRADA DOCA 4|4180|183|27/04/2024|07:50:18|6720|187|27/04/2024|09:57:38|2540
BZG5I74|11111042|PLASTICO RECICLAVEL|MARVI|RECICLAOURINHOS|ANDERSON DONIZE|XXX|79493|COLETA DE RESIDUOS|5020|184|27/04/2024|08:25:39|6840|188|27/04/2024|10:22:28|1820
FNY3805|11111042|PLASTICO RECICLAVEL|MARVI|RECICLAOURINHOS|EDSON JESUS|XXX|79494|COLETA DE RESIDUOS|4480|185|27/04/2024|08:35:36|5560|189|27/04/2024|10:23:42|1080
FTG3I71|11111000|PRODUTO MARVI|MARVI|MARVI|WESLLEY|XXXX|79497|SAIDA PARA VIAGEM|21560|194|28/04/2024|12:48:12|0|197|28/04/2024|12:54:54|21560
DKI1E32|11111000|PRODUTO MARVI|MARVI|MARVI|JOAO|XXXXX|79498|VIAGEM|27980|195|28/04/2024|12:50:22|0|196|28/04/2024|12:54:37|27980
FNO0F49|22222000|CHEGADA DE VIAGEM|MARVI|MARVI|RAFAEL|XXX|79500|VAZIO|11560|200|28/04/2024|21:12:24|23300|513|18/05/2024|12:18:31|11740
GJI6I95|11111031|MASSINHA|MARVI|PART|SERGIO ANTONIO|XXX|79501|MASSINHA 1|1280|201|29/04/2024|09:35:58|1300|203|29/04/2024|09:40:37|20
CLX5H67|11111031|MASSINHA|MARVI|PART|JACKSON ROBERTO|XXX|79502|MASSINHA 2|940|202|29/04/2024|09:36:58|1100|204|29/04/2024|09:47:25|160
GHK6424|11111000|PRODUTO MARVI|MARVI|MARVI|EDUARDO|18841|79504|SAINDO DE VIAGEM|1|0|||27040|206|29/04/2024|12:45:27|27039
QIG7161|11111007|BOBINAS|QIPLAST|QUIPLAST||XXX|79505||15400|207|29/04/2024|14:21:15|14140|208|29/04/2024|15:24:53|1260
CUF0J07|1111008|ACUCAR CRISTAL|COP'ERCUCR|MARVI|DANILO|XXX|79506|NF71405|43520|209|29/04/2024|15:58:25|16820|241|2/05/2024|07:07:31|26700
BXF8J68|11111002|CAIXAS DE PAPELAO||RODONAVES|RAFAEL|XXX|79507|ENTREGA|3980|210|29/04/2024|16:01:43|3880|211|29/04/2024|16:16:09|100
FBQ2D39|11111000|PRODUTO MARVI|MARVI|MARVI|CLAUDINEI|18854|79508|SAIDA DE VIAGEM|1|0|||9840|212|29/04/2024|16:22:28|9839
GCO0172|1121019|AMIDO MAX|CANDY MASR|CANDY|EMERSON TEODORO|341708215|79509|NF5933 KL3300|7240|214|29/04/2024|21:10:19|3880|215|29/04/2024|22:32:11|3360
SES4J98|11111010|MATERIA PRIMA|BAUM|BAUM|ADALBERTO|508021480|79510|NF9706 KL500|9240|216|30/04/2024|06:08:05|8720|220|30/04/2024|08:08:09|520
GFY1988|11111031|MASSINHA|MARVI|PARTICULAR|WALTER MADEIRA|XXXXX|79511|COMPAR DE MASSINHA|1100|217|30/04/2024|07:40:25|1320|218|30/04/2024|07:49:50|220
FCC9942|11111000|PRODUTO MARVI|MARVI|SOVERMIX|PAULO SANTOS|XXXXX|79512|CARREGAR PROD MARVI|8940|221|30/04/2024|12:47:20|15040|227|30/04/2024|15:04:18|6100
FTG3I71|11111000|PRODUTO MARVI|MARVI|MARVI|WESLEY|18843|79515|VIAGEM|1|0|28/04/2024|12:48:12|24520|224|30/04/2024|13:53:37|24519
EWV2E51|11111000|PRODUTO MARVI|MARVI|M,ARVI|JOEDER|18856|79516|VIAGEM|1|0|||27700|225|30/04/2024|14:07:02|27699
BWK1F67|11111001|PALETES|MARVI|CAMBARA PALITE|ROGENES FERRE|XXXXX|79517|PALITES COMPRA|7480|226|30/04/2024|14:10:44|10380|229|30/04/2024|15:57:24|2900
GUF0J07|1111008|ACUCAR CRISTAL|COPERSUGAR|MARVI|DANILO|XXXX|79519|ACUCAR NF 71424 PESO 26430|43480|230|30/04/2024|16:04:36|16820|242|2/05/2024|07:08:11|26660
FWE8441|11111000|PRODUTO MARVI|MARVI|MARVI|ADEMIR|18860|79522|SAIDA DE VIAGEM|1|0|24/04/2024|08:39:36|21780|235|1/05/2024|07:08:32|21779
GFZ3I01|11111000|PRODUTO MARVI|MARVI|MARVI|WILSON|18862|79523|SAIDA DE VIAGEM|1|0|26/04/2024|07:25:47|27240|236|1/05/2024|07:36:52|27239
DKI1E32|11111000|PRODUTO MARVI|MARVI|MARVI|JOAO C.|18739|79525|SAINDO DE VIAGEM|1|0|28/04/2024|12:50:22|28620|239|1/05/2024|12:51:02|28619
AQG2D96|11111000|PRODUTO MARVI|MARVI|FRETE|AMAURI SAID|XXXXXX|79527|CARREGAR|4140|244|2/05/2024|07:58:51|6560|247|2/05/2024|09:23:53|2420
GBR8C39|11111000|PRODUTO MARVI|MARVI|MARVI|ERLIENTON|18861|79528|VIAGEM|1|0|||14920|245|2/05/2024|08:47:50|14919
RXZ4C91|11111002|CAIXAS DE PAPELAO|SOPASTA|SOPASTA|CASSIANO|XXXXX|79529|DESCARREGAR SOPASTA|17440|246|2/05/2024|08:51:03|14160|248|2/05/2024|09:52:12|3280
FXV1H90|1111026|FARINHA DE TRIGO|BUNGE|BUNGE|ANDERSON|XXXXX|79530|FARINHA PESO 31590|51000|249|2/05/2024|10:08:10|19400|257|2/05/2024|14:13:37|31600
BJP5D24|11111000|PRODUTO MARVI|MARVI|PARTICULAR|JAIR|XXX|79532|RETIRADA DE PRODUTO|960|251|2/05/2024|11:02:28|1020|252|2/05/2024|11:25:45|60
CSK0A41|50953005|GAS GLP|ULTRAGAZ|ULTRAGAZ|MARCIO ALTOE|29699683|79533|ENTREGA DE GLP PESO 19520|43580|254|2/05/2024|13:11:03|27740|262|2/05/2024|15:37:54|15840
BUS0640|11111005|PAPER PARA CONE|BIKRAT|BIKRAT|FELIPE|XXXXX|79535|DESCARREGAR|6560|256|2/05/2024|14:11:26|5580|260|2/05/2024|15:13:17|980
CNZ9234|11111042|PLASTICO RECICLAVEL|MARVI|ASSI RECICLA|RUBENS ALVES|XXXXX|79536|COMPRA DE PLASTICO RECICLAVEIS|3200|259|2/05/2024|15:01:13|4740|267|2/05/2024|18:00:41|1540
CUF0J07|1111008|ACUCAR CRISTAL|CVOPERSUGR|MARVI|DANILO|XXXXX|79537|ACUCAR NF 71439 PESO 26406|43360|261|2/05/2024|15:17:49|16840|268|3/05/2024|07:27:38|26520
JAY0G34|11111005|PAPER PARA CONE|CATUAI|CATUAI|JOSE APARECIDO|SSSSS|79538|DESCARREGAR|4020|263|2/05/2024|15:42:07|3300|264|2/05/2024|16:01:41|720
ELI8220|11111000|PRODUTO MARVI|MARVI|MARVI|JUAN|XXXXX|79539|CARREGAR|1000|265|2/05/2024|16:36:12|1080|266|2/05/2024|16:55:09|80
EVZ1I26|11111030|CASQUINHA MOIDA|MARVI|PARTICULAR|MARCELO|XXX|79541|RETIRADA DE CASQUINHA|2160|270|3/05/2024|09:22:59|2700|273|3/05/2024|09:59:34|540
LEH8H83|1111052|LECITINA|AGROFOFODS|AGROFOODS|GIUMAR|4363159200|79542|NF:83544|16360|272|3/05/2024|09:50:22|9060|274|3/05/2024|10:25:24|7300
CUF0J07|1111008|ACUCAR CRISTAL|COOPERSUCR|MARVI|RAFAEL|XX|79545|NF;71451|43520|277|3/05/2024|15:04:27|16840|291|4/05/2024|09:52:39|26680
QJR0195|1111026|FARINHA DE TRIGO|BUNGE|SUL AMERICA|WAGNER|45762617|79546|NF.379190 KG:31,640|51700|279|3/05/2024|17:23:28|20100|280|3/05/2024|20:35:16|31600
AQP7369|11111000|PRODUTO MARVI|MARVI|PRODASA|VITOR MARQUES|XXXX|79547|CARREGAR MERCADORIA MARVI|9560|281|4/05/2024|07:09:55|10600|285|4/05/2024|07:55:18|1040
AIT0690|11111000|PRODUTO MARVI|MARVI|FRETE|LUIZ HENRIQUE|XXXXX|79549|CARREGAR PRODUTOS MARVI|4160|283|4/05/2024|07:42:31|7080|292|4/05/2024|09:58:09|2920
GFY1988|11111031|MASSINHA|MARVI|PARTICULAR|WALTER MADEIRA|XXXXX|79550|COMPRA DE MASSINHA|1100|284|4/05/2024|07:53:27|1480|286|4/05/2024|08:03:47|380
CYX1478|11111002|CAIXAS DE PAPELAO|MARVI|PARTICULAR|EDINELSON SANTO|XXXXX|79551|COMPRA DE PAPWLAO|1040|287|4/05/2024|08:10:53|1100|290|4/05/2024|08:58:08|60
GFS9460|11111042|PLASTICO RECICLAVEL|MARVI|RECICLA OURIN|EDSON JESUS|XXXXXX|79552|CARREGAR DOACAO DE RECICLAGEM|4960|289|4/05/2024|08:49:55|7380|293|4/05/2024|10:15:34|2420
EHQ8E91|11111000|PRODUTO MARVI|MARVI|MARVI|PAULO G|18890|79553|SAIDA DE VIAGEM|1|0|||28700|294|5/05/2024|07:37:00|28699
GBJ0J70|11111000|PRODUTO MARVI|MARVI|MARVI|CAROL|18876|79554|SAIDA VIAGEM|1|0|||14280|295|5/05/2024|12:14:35|14279
FTG3I71|11111000|PRODUTO MARVI|MARVI|MARVI|WESLEY|18884|79555|SAINDO DE VIAGEM|1|0|28/04/2024|12:48:12|30260|296|5/05/2024|12:36:53|30259
FPJ1G71|11111000|PRODUTO MARVI|MARVI|MARVI|RAFAEL|18877|79556|SAINDO DE VIAGEM|1|0|26/04/2024|06:38:14|21320|297|5/05/2024|12:38:40|21319
FRI0F19|11111000|PRODUTO MARVI|MARVI|MARVI|DAVI|18881|79557|SAIDA DE VIAGEM|1|0|||22520|298|5/05/2024|12:42:29|22519
FXT3D35|11111000|PRODUTO MARVI|MARVI|CHIQUINHO|JEFERSON LVES|XXXX|79558|DOCA 4|10600|299|6/05/2024|07:42:38|16980|306|6/05/2024|10:01:07|6380
CLX5H67|11111031|MASSINHA|MARVI|PARTICULAR|VERA LUCIA|XXXX|79559|MASSINHA 1|1120|300|6/05/2024|08:08:31|1340|301|6/05/2024|08:20:06|220
EJI3C81|11111012|OLEO DIESEL|UNIPETRO|UNIPETRO|EVERSON DINIZ|XXX|79561|ENTREGA DE DIESEL NF 217584|29020|303|6/05/2024|09:36:55|880|308|6/05/2024|10:26:11|28140
FSQ9I90|11111000|PRODUTO MARVI|MARVI|MARVI|CLAUDINEI|18885|79562|SAIDA DE VIAGEM|1|0|||11140|304|6/05/2024|09:53:26|11139
BLK1828|11111031|MASSINHA|MARVI|PARTICULAR|VANI PROCOPIO|XXXX|79563|MASSINHA 2|740|307|6/05/2024|10:19:46|880|309|6/05/2024|10:27:36|140
EJI3C81|11111012|OLEO DIESEL|UNIPETRO|UNIPETRO|EVERSON DINIZ|XXX|79564|OLEO DIESEL NF 217584|29020|0|||12500|310|6/05/2024|10:48:57|16520
FBQ2D39|11111000|PRODUTO MARVI|MARVI|MARVI|ANISIO|18892|79565|SAIDA DE VIAGEM|1|0|||8400|311|6/05/2024|12:26:22|8399
FLE4I18|11111000|PRODUTO MARVI|MARVI|AMENDES,|LUCAS|XXXX|79566|RETIRADA DOCA 1|2200|312|6/05/2024|13:16:29|2240|314|6/05/2024|14:10:28|40
CAD9J37|11111000|PRODUTO MARVI|MARVI|CHIQUINHO|SAULO|XXX|79567|RETIRADA DOCA 3|10380|313|6/05/2024|13:45:36|16300|317|6/05/2024|15:24:34|5920
CNZ9234|11111002|CAIXAS DE PAPELAO|MARVI|PARTICULAR|RUBENS PERICLES|XXXX|79568|COLETA DE PAPELAO / CIRS.|3120|315|6/05/2024|14:54:48|6080|319|6/05/2024|17:25:52|2960
GBI7D69|11111000|PRODUTO MARVI|MARVI|MARVI|FELIPE|18894|79570|SAIDA DE VIAGEM|1|0|||25860|321|6/05/2024|17:47:34|25859
FHT1H82|2211066|EMBALAGENS|ANTARES|ANTARES|CREZO|340373398|79571|NF:28055/056|17420|322|6/05/2024|20:47:34|12920|323|6/05/2024|22:28:57|4500
EFK2H32|11111000|PRODUTO MARVI|MARVI|MARVI|NELSON|XXX|79572|SAIDA DE VIAGEM|1|0|26/04/2024|10:56:51|27380|324|7/05/2024|07:26:59|27379
FLO6F23|11111000|PRODUTO MARVI|MARVI|RIBERFOODS|ANDRE LUIZ|3037256804|79573|RETIRADA|18240|325|7/05/2024|07:52:18|25340|328|7/05/2024|09:04:06|7100
EUQ0920|11111000|PRODUTO MARVI|MARVI|MARVI|GUSTAVO|18899|79574|SAIDA DE VIAGEM|1|0|24/04/2024|10:22:47|1480|326|7/05/2024|08:19:06|1479
FNA8E17|11111023|SACOS PLASTICOS|MARVI|SOUZA E FERNANS|REGINALDO|XXX|79575|RETIRADA DE RECICLAGEM|4420|327|7/05/2024|08:33:41|5280|329|7/05/2024|09:08:42|860
GGR2F69|11111000|PRODUTO MARVI|MARVI|MARVI|DANILO|18905|79577|LOJA|1|0|||12340|332|7/05/2024|12:40:58|12339
PLI3592|50953005|GAS GLP|ULTRAGAS|ULTRAGAS|VALDIR|2505398|79578|GAS PIT STOP|14060|333|7/05/2024|13:04:23|12940|334|7/05/2024|13:36:18|1120
CYB2I87|11111000|PRODUTO MARVI|MARVI|PARTICULAR|DELCI|XX|79579|RETIRADA|4260|335|7/05/2024|15:05:56|6240|337|7/05/2024|16:15:25|1980
EGT1C61|11111000|PRODUTO MARVI|MARVI|MARVI|ANDERSON|18902|79580|SAIDA DE VAIGEM|1|0|29/04/2024|12:01:47|28400|336|7/05/2024|15:20:39|28399
BXC5I42|11111000|PRODUTO MARVI|MARVI|PARTICULAR|ARCHIMENDES|XXX|79581|RETIRADA DE PRODUTOS|4780|338|8/05/2024|08:31:25|8100|340|8/05/2024|09:57:16|3320
AXX1823|11111000|PRODUTO MARVI|MARVI|PARTICULAR|WESLEY RODRI|XXX|79582|RETIRADA DE PRODUTOS|1940|339|8/05/2024|09:45:54|2540|341|8/05/2024|10:34:07|600
CYN3I48|11111031|MASSINHA|MARVI|PARTICULAR|PAULO GRAVA|XXXX|79583|RETIRADA DE MASSINHA > ELDER|1300|342|8/05/2024|11:05:02|1640|343|8/05/2024|11:19:18|340
GGR2F69|11111000|PRODUTO MARVI|MARVI|MARVI|LEANDRO|18911|79584|SAINDO DE VIAGEM|1|0|26/04/2024|17:41:57|14300|344|8/05/2024|12:02:59|14299
FTG3I71|11111000|PRODUTO MARVI|MARVI|MARVI|RAFAEL|18912|79585|SAIDA DE VIAGEM|1|0|26/04/2024|11:01:59|24220|345|8/05/2024|12:05:09|24219
GBJ0J70|11111000|PRODUTO MARVI|MARVI|MARVI|CAROLINA|18878|79586|SAIDA DE VIAGEM|1|0|||13360|346|8/05/2024|12:31:17|13359
EUQ0920|11111000|PRODUTO MARVI|MARVI|MARVI|JUAN PED|XXX|79587|SAIDA PARA LOJA|1140|347|8/05/2024|14:21:02|1200|349|8/05/2024|14:41:40|60
MMJ0C23|11111000|PRODUTO MARVI|MARVI|PARTICULAR|JURANDIR|XXX|79588|RETIRADA DOCA 4|45040|348|8/05/2024|14:39:40|47560|352|8/05/2024|16:21:41|2520
FQJ0E12|11111000|PRODUTO MARVI|MARVI|CHIQUINHO|MIGUEL PEDRO|XXX|79589|RETIRADA DOCA 4|10500|350|8/05/2024|15:00:25|16640|354|8/05/2024|16:39:58|6140
EPH6G91|11111000|PRODUTO MARVI|MARVI|AMENDESW|LUCAS|XXX|79590|RETIRADA|960|351|8/05/2024|15:29:14|1220|353|8/05/2024|16:24:36|260
FWN0I19|11111000|PRODUTO MARVI|MARVI|MARVI|ANTONIO|18917|79591|SAIDA DE VIAGEM|1|0|||19220|355|8/05/2024|17:15:05|19219
FXK5B91|11111000|PRODUTO MARVI|MARVI|MARVI|JOEDER|18913|79592|BELO HORIZONTE|1|0|||26760|356|9/05/2024|05:10:23|26759
LUG4J97|2215004|CONES|CATUAI|CATUAI|JOSE|78196554|79594|NF:58124|7540|359|9/05/2024|11:23:18|6960|360|9/05/2024|11:54:16|580
DIA1I94|11111000|PRODUTO MARVI|MARVI|GROUP|ALEXANDRO|30803248|79595|RETIRADA|10640|361|9/05/2024|13:56:15|13500|364|9/05/2024|15:14:25|2860
RYT0G36|11111002|CAIXAS DE PAPELAO|SOPASTA|SOPASTA|OTACIR|269094|79596|NF:19951|28060|362|9/05/2024|14:31:12|24060|365|9/05/2024|15:31:07|4000
GAW7G71|11111000|PRODUTO MARVI|MARVI|MARVI|DANIEL|18929|79597|SAIDA DE VIAGEM|1|0|||22340|363|9/05/2024|15:04:52|22339
AQG2D96|11111000|PRODUTO MARVI|MARVI|AMAURI|AMAURI|401007100|79599|CARREGAR|4140|367|10/05/2024|06:56:23|6520|369|10/05/2024|08:52:18|2380
AIT0690|11111000|PRODUTO MARVI|MARVI|PARTICULAR|LUIZ HENRIQUE|XXXX|79600|RETIRADA SEM DOCA|4180|368|10/05/2024|08:37:40|7040|370|10/05/2024|10:40:31|2860
STF8F05|1111026|FARINHA DE TRIGO|BUNGE|SULAMERICA|WAGNER|XXX|79602|KG 33,300|53800|373|10/05/2024|14:30:08|20540|376|10/05/2024|16:32:02|33260
FTG3I71|99999010|MATERIAIS DIVERSOS|DOACOES|MARVI|WESLEY|DOACOES|79603|DOACOES RIO GRANDE DO SUL|30740|374|10/05/2024|16:22:07|30740|375|10/05/2024|16:23:19|0
QUL9G80|11111042|PLASTICO RECICLAVEL|MARVI|RECICLA OURINHS|ANDERSON|6563054|79605|RETIRADA DE RECICLAGEM|5000|379|11/05/2024|09:02:59|6980|382|11/05/2024|10:16:16|1980
FZG3B40|11111000|PRODUTO MARVI|MARVI|PARTICULAR|REGIS|XX|79606|RETIRADA|2260|380|11/05/2024|10:02:15|3580|385|11/05/2024|10:53:21|1320
GIM1G82|11111004|ARLA|UNIPETRO|UNIPETRO|ALVIDES|28104422|79607|NF:217861|15620|381|11/05/2024|10:13:34|14560|384|11/05/2024|10:33:29|1060
CYX1478|11111002|CAIXAS DE PAPELAO|MARVI|PARTICULAR|EDINELSON|XXX|79608|PAPELAO|1040|383|11/05/2024|10:27:00|1140|386|11/05/2024|10:57:03|100
FTG3I71|11111000|PRODUTO MARVI|MARVI|MARVI|WESLEY|XXX|79609|DOACAO RIO GRANDE DO SUL|1|0|10/05/2024|16:22:07|30840|387|11/05/2024|11:05:39|30839
FXZ6160|11111000|PRODUTO MARVI|MARVI|MARVI|KLEBSON|18947|79610|SAIDA VIAGEM|1|0|||20260|388|12/05/2024|05:32:53|20259
EWV2E51|11111000|PRODUTO MARVI|MARVI|MARVI|EVERALDO|18935|79611|SAIDA DE VIAGEM|1|0|||22160|389|12/05/2024|09:07:37|22159
CUF0J07|11111000|PRODUTO MARVI|MARVI|MARVI|DANILO|18936|79612|SAIDA DE VIAGEM|1|0|25/04/2024|18:21:48|27960|390|12/05/2024|12:10:11|27959
EGT1C61|11111000|PRODUTO MARVI|MARVI|MARVI|ANDERSON|18938|79613|SAIDA DE VIAGEM|1|0|29/04/2024|12:01:47|23980|391|12/05/2024|12:12:36|23979
FPJ1G71|11111000|PRODUTO MARVI|MARVI|MARVI|RAFAEL|18939|79615|SAIDA DE VIAGEM|1|0|26/04/2024|06:38:14|23880|393|12/05/2024|13:03:39|23879
GCT1F89|11111000|PRODUTO MARVI|MARVI|MARVI|EVERTON|18931|79616|SAIDA DE VIAGEM|1|0|||19780|394|12/05/2024|14:04:40|19779
FJQ5D89|11111000|PRODUTO MARVI|MARVI|MARVI|ELIEU|18948|79617|SAIDA DE VIAGEM|1|0|||21140|395|12/05/2024|15:26:49|21139
FOB3E70|11111000|PRODUTO MARVI|MARVI|MARVI|CLAUDINEI|18920|79618|SAIDA DE VIAGEM|1|0|||19160|396|12/05/2024|16:16:50|19159
GFW1E82|11111000|PRODUTO MARVI|MARVI|MARVI|RAFAEL|18840|79619|BITREM-CENARIO ERRADO-SAID VIA|0|397|12/05/2024|18:15:41|0|398|12/05/2024|18:15:54|0
FSQ9I98|11111000|PRODUTO MARVI|MARVI|MARVI|IGOR|18946|79620|SAIDA DE VIAGEM|1|0|||15840|399|13/05/2024|07:05:44|15839
AAK6874|2215004|CONES|CATUAI|CATUAI|MINTON|1798440|79621|NF:58347|6300|400|13/05/2024|08:10:18|5960|401|13/05/2024|08:25:28|340
FBQ2D39|11111000|PRODUTO MARVI|MARVI|MARVI|ANISIO|18934|79622|SAIDA DE VIAGEM|1|0|||9540|402|13/05/2024|08:28:52|9539
EFK2H32|11111000|PRODUTO MARVI|MARVI|MARVI|NELSON|18952|79624|SAIDA|1|0|26/04/2024|09:40:53|28280|405|13/05/2024|13:09:16|28279
EZL4423|99999010|MATERIAIS DIVERSOS|MARVI|FHC|CARLOS|6263110|79625|RETIRADA DE DOACAO|18360|406|13/05/2024|14:58:25|35700|410|13/05/2024|17:51:47|17340
FRI0F19|11111000|PRODUTO MARVI|MARVI|MARVI]|DAVI|18954|79627|SAIDA|1|0|||20120|408|13/05/2024|15:38:34|20119
GBJ0J70|11111000|PRODUTO MARVI|MARVI|MARVI|HERALDO|18956|79628|SAIDA VIAGEM|1|0|||16320|411|14/05/2024|06:03:02|16319
EFU0D25|11111000|PRODUTO MARVI|MARVI|FALCONI|EVANILSON|DOCA 2|79629|RETIRADA DE PRODUTOS DOCA 2|11460|412|14/05/2024|08:46:45|11960|415|14/05/2024|09:42:11|500
FXD3328|50953005|GAS GLP|ULTRAGAS|ULTRAGAS|VALDIR|XXX|79630|PIT STOP|20040|413|14/05/2024|08:59:57|19860|414|14/05/2024|09:10:37|180
GGR2F69|11111000|PRODUTO MARVI|MARVFI|MARVI|PAULO|18944|79633|SAIDA DE VIAGEM|1|0|26/04/2024|17:41:57|14860|420|14/05/2024|13:08:05|14859
EUQ0920|11111000|PRODUTO MARVI|MARVI|MARVI|RAFAEL|18962|79635|SAIDA PARA ENTREGAS. FIORINO|1|0|8/05/2024|14:21:02|1300|422|14/05/2024|13:54:33|1299
ELI8220|11111000|PRODUTO MARVI|MARVI|MARVI|RODRIGO PeD|XXXX|79636|IDA A LOJA|1100|424|14/05/2024|15:03:25|1140|425|14/05/2024|15:17:33|40
FUH5H50|11111000|PRODUTO MARVI|MARVI|MARVI|JONATAS|18967|79638|CHOCOLANDIA|1|0|||14560|428|15/05/2024|04:12:13|14559
AIT0690|11111000|PRODUTO MARVI|MARVI|PARTICULAR|LUIS|XXX|79639|RETIRADA|4160|429|15/05/2024|07:39:21|7260|433|15/05/2024|09:59:32|3100
AHB0980|11111022|SUCATAS|MARVI|PARTICULAR|NATANAEL|XX|79640|RETIRADA DE SUCATAS|820|430|15/05/2024|08:54:47|1080|436|15/05/2024|10:09:01|260
AYK4841|11111000|PRODUTO MARVI|MARVI|PRODASA|JOSE MILTON|387078|79641|RETIRADA|18460|431|15/05/2024|09:14:50|19640|437|15/05/2024|10:14:49|1180
EVX2I36|11111030|CASQUINHA MOIDA|MARVI|PARTICULAR|MARCELO|XXX|79643|CASQUINHA|2120|434|15/05/2024|10:04:36|2820|438|15/05/2024|10:35:53|700
FPJ1G71|11111000|PRODUTO MARVI|MARVI|MARVI|RAFAEL|18964|79644|SAIDA DE VIAGEM|1|0|26/04/2024|06:38:14|28460|439|15/05/2024|12:09:03|28459
AQG2D96|11111000|PRODUTO MARVI|MARVI|PARTICULAR|AMAURI|XXX|79646|FRETEIRO|4140|441|15/05/2024|12:26:31|8640|448|15/05/2024|15:42:13|4500
DKI1E32|11111000|PRODUTO MARVI|MARVI|MARVI|JOAO|18942|79647|SAIDA|1|0|28/04/2024|12:50:22|25920|442|15/05/2024|12:32:21|25919
BLW4429|2227073|FRASCOS|VEMA|VEMA|MARCOS|XXX|79649|NF:3591|7580|446|15/05/2024|15:27:35|7520|447|15/05/2024|15:37:26|60
GGR8C39|11111000|PRODUTO MARVI|MARVI|MARVI|CARLOS|18972|79650|SAIDA|1|0|||12600|449|15/05/2024|15:47:23|12599
GHK6E24|11111000|PRODUTO MARVI|MARVI|MARVI|DANILO|18971|79651|SAIDA RIO JANEIRO|1|0|||28460|450|15/05/2024|16:18:42|28459
FZG4B40|11111000|PRODUTO MARVI|MARVI|PARTICULAR|REGIS|XXX|79652|RETIRADA|2260|451|15/05/2024|16:31:02|3480|453|15/05/2024|17:34:15|1220
DPB2C44|11111000|PRODUTO MARVI|MARVI|RIBERFOODS|ANDRE LUIZ|XXXX|79654|RETIRADA > S/DOCA|18260|454|16/05/2024|08:20:03|25740|462|16/05/2024|11:48:30|7480
GFB0B37|11111000|PRODUTO MARVI|MARVI|OURIPAN|MARCOS VALEN|XXX|79656|RETIRADA > DOCA 2|2800|457|16/05/2024|09:39:05|2980|459|16/05/2024|10:03:12|180
DLP4770|11111000|PRODUTO MARVI|MARVI|MARVI|RODRIGO PeD|XXX|79658|CARREGAR LOJA CENTRO|1080|461|16/05/2024|11:00:15|1100|465|16/05/2024|14:02:54|20
GBJ0J70|11111000|PRODUTO MARVI|MARVI|MARVI|ERALDO|18988|79659|SAIDA DE VIAGEM|1|0|||14340|463|16/05/2024|13:58:19|14339
EJI3C81|11111012|OLEO DIESEL|UNIPETRO|UNIPETRO|GUILHERME|XXX|79660|20,000 LITROS|29180|464|16/05/2024|14:02:14|12480|470|16/05/2024|15:37:24|16700
DLP4770|11111000|PRODUTO MARVI|MARVI|MARVI|RODRIGO PeD|XXX|79661|SAIDA PARA LOJA CENTRO|1020|466|16/05/2024|14:03:25|1100|467|16/05/2024|14:23:11|80
SES4J98|11111010|MATERIA PRIMA|BAUM FRUIT|BAUM FRUIT|OTAVIO|XXX|79663|ENTREGA DE POLPAS NO DEPOSITO|8960|471|16/05/2024|15:56:55|8400|472|16/05/2024|16:34:45|560
FTG3I71|11111000|PRODUTO MARVI|MARVI|MARVI|WESLEI|18895|79664|VALINHOS|1|0|10/05/2024|16:22:07|23380|473|17/05/2024|06:23:13|23379
EHQ8E91|11111000|PRODUTO MARVI|MARVI|MARVI|PAULO|18976|79665|SAIDA ACRE|1|0|||23420|474|17/05/2024|07:41:31|23419
FOA3536|11111031|MASSINHA|MARVI|PARTICULAR|VALDEMAR FEREZM|XXX|79666|MASSINHA|1080|475|17/05/2024|07:56:47|1300|477|17/05/2024|08:02:42|220
DGU9840|11111031|MASSINHA|MARVI|PARTICULAR|MAGNO JULIO|XXX|79667|MASSINHA|900|476|17/05/2024|08:00:34|1020|478|17/05/2024|08:05:54|120
FHC1112|11111031|MASSINHA|MARVI|PARTICULAR|ESTER SILVA|XXX|79668|MASSINHA|1240|479|17/05/2024|08:32:44|1300|480|17/05/2024|08:37:30|60
EZW6C33|11111000|PRODUTO MARVI|MARVI|MARVI|ULISSES|XXX|79669|RETIRADA|1040|481|17/05/2024|08:43:28|1060|482|17/05/2024|09:13:52|20
ENJ5E58|11111031|MASSINHA|MARVI|PARTICULAR|GUIDO HORACIO|XXX|79670|MASSINHA|1000|483|17/05/2024|09:21:49|1060|484|17/05/2024|09:29:38|60
BUS0640|11111002|CAIXAS DE PAPELAO|BIKRAFIT|BIKRAFIT|FELIPE|XXX|79671|NF:92274|6660|485|17/05/2024|09:31:52|5660|489|17/05/2024|09:54:36|1000
ENY4970|11111031|MASSINHA|MARVI|PARTICULAR|LUCIANO PAULINO|XXX|79673|MASSINHA|1780|487|17/05/2024|09:40:15|2220|488|17/05/2024|09:49:30|440
ENY3136|11111031|MASSINHA|MARVI|PARTICULAR|CARLAO|XXX|79674|DOACAO|2600|490|17/05/2024|10:15:03|3300|491|17/05/2024|10:28:48|700
BZA9554|11111000|PRODUTO MARVI|MARVI|PANICAMPOS|EDER|1371388|79675|RETIRADA|5360|492|17/05/2024|10:38:19|6960|494|17/05/2024|11:26:24|1600
FVB1444|11111000|PRODUTO MARVI|MARVI|FRUTAP|ADILSON|3417008|79678|RETIRADA|11680|498|17/05/2024|16:26:06|13240|500|17/05/2024|16:44:12|1560
CYX1478|11111002|CAIXAS DE PAPELAO|MARVI|PARTIPCULAR|EDINELSON|XXX|79680|COLETA DE PAPELAO > CIRS|1060|503|18/05/2024|08:23:14|1180|505|18/05/2024|08:48:24|120
GFY1988|11111031|MASSINHA|MARVI|PARTICULAR|WALTER ROBER|XXXX|79681|MASSINHA 1|1100|504|18/05/2024|08:47:00|1520|506|18/05/2024|08:57:21|420
KUL9G80|11111042|PLASTICO RECICLAVEL|MARVI|RECICLA|ANDERSON DONI|XXX|79682|COLETA DE RECICLAGEM > CIRS|5040|507|18/05/2024|09:08:19|7040|509|18/05/2024|10:23:35|2000
AIT0690|11111000|PRODUTO MARVI|MARVI|PARTICULAR|LUIZ HENRIQUE|XXX|79683|RETIRADA DOCA 4|4200|508|18/05/2024|09:32:05|7580|512|18/05/2024|11:57:16|3380
FGR0367|11111031|MASSINHA|MARVI|PARTICULAR|MARCELO PRADO|XXX|79684|MASSINHA 2|1180|510|18/05/2024|10:56:59|1440|511|18/05/2024|11:01:31|260
FNO0F49|11111000|PRODUTO MARVI|MARVI|MARVI|RAFAEL|19005|79685|SAIDA DE VIAGEM|1|0|||23300|514|18/05/2024|12:19:39|23299
CUF0J07|11111000|PRODUTO MARVI|MARVI|MARVI|NELSON|XXX|79686|DOACAO|1|0|25/04/2024|18:21:48|39100|515|19/05/2024|07:59:27|39099
FKX8J60|11111000|PRODUTO MARVI|MARVI|MARVI|ELIENTON|19007|79687|SAIDA DER VIAGEM|1|0|||18560|516|19/05/2024|11:59:22|18559
FXZ6360|11111000|PRODUTO MARVI|MARVI|MARVI|KLEBERSON|18981|79688|SAIDA DE VIAGEM|1|0|||19860|517|19/05/2024|12:49:03|19859
FUN3H19|11111000|PRODUTO MARVI|MARVI|MARVI|ROGERIO|19006|79689|SAIDA DE VIAGEM|1|0|||22800|518|19/05/2024|12:50:50|22799
FPJ1G71|11111000|PRODUTO MARVI|MARVI|MARVI|RAFAEL|18991|79690|SAIDA|1|0|26/04/2024|06:38:14|24100|519|19/05/2024|12:54:22|24099
DKI1E32|11111000|PRODUTO MARVI|MARVI|MARVI|WESLEY|18992|79691|SAIDA|1|0|28/04/2024|12:50:22|27000|520|19/05/2024|12:55:55|26999
GBI7D69|11111000|PRODUTO MARVI|MARVI|MARVI|FELIPE|19009|79692|SAIDA|1|0|26/04/2024|16:01:08|20680|521|19/05/2024|13:45:52|20679
FRI0F19|11111000|PRODUTO MARVI|MARVI|MARVI|DAVI|19001|79693|SAIDA|1|0|||0|522|20/05/2024|05:44:49|1
FRI0F19|11111000|PRODUTO MARVI|MARVI|MARVI|DAVI|19001|79694|SAIDA|1|0|||18860|523|20/05/2024|05:45:59|18859
FBQ2D39|11111000|PRODUTO MARVI|MARVI|MARVI|ANISIO|18897|79695|SAIDA DE VIAGEM > MATO GROSSO|1|0|||10420|524|20/05/2024|07:34:35|10419
CLX5H67|11111031|MASSINHA|MARVI|PARTICULAR|VERA LUCIA|XXX|79696|MASSINHA 1|1120|525|20/05/2024|08:59:32|1340|527|20/05/2024|09:11:54|220
PKE8H60|11111031|MASSINHA|MARVI|PARTICULAR|JONAS AZEVEDO|XXX|79697|MASSINHA 2|1200|526|20/05/2024|09:06:27|1420|528|20/05/2024|09:15:31|220
DNW5499|11111031|MASSINHA|MARVI|PARTICULAR|ELIAS CARVALHO|XXX|79699|MASSINHA 3|820|530|20/05/2024|09:30:30|880|531|20/05/2024|09:34:59|60
CAD9J37|11111000|PRODUTO MARVI|MARVI|CHIQUINHO|SAULO|XXX|79700|CARREGAR > DOCA 4|10380|533|20/05/2024|12:56:23|16660|542|20/05/2024|15:36:53|6280
GBJ0J70|11111000|PRODUTO MARVI|MARVI|MARVI|ELIEU|18995|79701|SAIDA DE VIAGEM|1|0|||13400|534|20/05/2024|13:46:39|13399
AQG2D65|11111000|PRODUTO MARVI|MARVI|PARTICULAR|AMAURI SAID|XXX|79703|COLETA > DOCA 5|4120|536|20/05/2024|14:32:48|6420|543|20/05/2024|16:15:56|2300
SFH3F84|11111000|PRODUTO MARVI|MARVI|SENDESKI|CIRSO GOMES|XXX|79706|RETIRADA|3440|541|20/05/2024|15:20:33|3920|544|20/05/2024|16:51:57|480
FVT0G09|11111000|PRODUTO MARVI|MARVI|MARVI|CARLOS|19015|79707|BELORIZONTE|1|0|20/04/2024|19:29:41|22000|545|20/05/2024|19:30:54|21999
GIA3B86|1121011|ACUCAR LIQUIDO|TEREOS|MARVI|ADILSON|XXX|79708|NF000125550|53520|546|20/05/2024|19:56:15|19640|551|21/05/2024|08:12:34|33880
FFQ9I90|11111000|PRODUTO MARVI|MARVI|MARVI|HERALDO|19016|79709|LONDRINA|1|0|||11700|547|21/05/2024|04:42:09|11699
FTG3I71|11111000|PRODUTO MARVI|MARVI|MARVI|ADILSON|19024|79710|ABC|1|0|10/05/2024|16:22:07|28480|548|21/05/2024|06:50:07|28479
GGR2F69|11111000|PRODUTO MARVI|MARVI|MARVI|EVERTON|19019|79711|UMUARAMA|1|0|26/04/2024|17:41:57|16820|549|21/05/2024|07:01:27|16819
CHQ4D22|11111000|PRODUTO MARVI|MARVI|CHIQUINHO|RONALDO|33097229|79712|RETIRADA|10700|550|21/05/2024|08:00:27|17060|556|21/05/2024|10:23:34|6360
GCT1F89|11111000|PRODUTO MARVI|MARVI|MARVI|RAFAEL|18996|79716|VIAGEM|1|0|||14780|559|21/05/2024|12:02:24|14779
CHQ8A34|11111000|PRODUTO MARVI|MARVI|CHIQUINHO|MARCOS|XXX|79717|CARREGAR|11040|560|21/05/2024|12:13:14|17220|563|21/05/2024|14:40:52|6180
EPH6G91|11111000|PRODUTO MARVI|MARVI|AMENDE|UCAS|XX|79718|RETIRADA|960|561|21/05/2024|14:07:43|1180|564|21/05/2024|15:13:01|220
COF0B99|11111000|PRODUTO MARVI|MARVI|CHIQUINHO|NILSON|XXX|79719|RETIRADA|10140|562|21/05/2024|14:16:19|16980|566|21/05/2024|16:08:24|6840
EGT1C61|11111000|PRODUTO MARVI|MARVI|MARVI|ANDERSON|18993|79721|SAIDA JACAREI|1|0|29/04/2024|12:01:47|24100|568|21/05/2024|18:38:34|24099
GHK6E24|11111000|PRODUTO MARVI|MARVI|MARVI|DANILO|19034|79722|SAIDA VIAGEM|1|0|||29440|569|22/05/2024|05:44:57|29439
AES3D99|11111031|MASSINHA|MARVI|PARTICULAR|MARCOS ELI|XXX|79725|MASSINHA > ELDER|2540|574|22/05/2024|09:51:41|3520|577|22/05/2024|10:08:30|980
SUP2E66|11111000|PRODUTO MARVI|MARVI|TRANS REAL|RINALDO GARCIA|XXX|79727|COLETA DE PRODUTOS > BITREM|23020|576|22/05/2024|10:05:37|31320|588|22/05/2024|15:23:04|8300
MDZ3253|11111000|PRODUTO MARVI|MARVI|TRANS REAL|RINALDO GARCIA|PLACA CARRETA|79728|PLACA DA CARRETA > 2 PESAGEM|20960|578|22/05/2024|10:22:22|25520|587|22/05/2024|15:08:07|4560
FUH5H50|11111000|PRODUTO MARVI|MARVI|MARVI|MARCIO|18998|79729|CURITIBA|1|0|||14140|580|22/05/2024|13:47:28|14139
CNZ9234|11111002|CAIXAS DE PAPELAO|MARVI|PARTICULAR|RUBENS PERICLES|XXX|79730|COLETA DE PAPELAO > CIRS|3240|581|22/05/2024|14:05:29|3600|585|22/05/2024|15:03:06|360
GBJ0J70|11111000|PRODUTO MARVI|MARVI|MARVI|CARLOS|18986|79731|VALINHOS|1|0|||14120|582|22/05/2024|14:14:27|14119
CNZ9234|2227073|FRASCOS|MARVI|PARTICULAR|RUBENS PERICLES|XXX|79733|RETIRADA DE FRASCOS|3600|586|22/05/2024|15:04:58|4400|589|22/05/2024|16:38:15|800
EJP6A00|11111001|PALETES|MARVI|PARTICULAR|ANTHUNY|XX|79734|COMPRA DE PALETES|3960|590|22/05/2024|16:55:17|4120|591|22/05/2024|17:07:32|160
FXK5B91|11111000|PRODUTO MARVI|MARVI|MARVI|JOEDER|19031|79736|MARANHAO|1|0|||23300|593|23/05/2024|06:25:04|23299
FTG3I71|11111030|CASQUINHA MOIDA|MARVI|MARVI|WESLEY|XXX|79737|CASQUINHA|15620|594|23/05/2024|08:04:48|34060|600|23/05/2024|10:55:54|18440
BWK1F67|11111001|PALETES|MARVI|CAMABARA|ROGENES|35393390|79740|RETIRADA DE PALETES|7460|598|23/05/2024|10:08:15|10620|601|23/05/2024|11:34:19|3160
FAC8F60|11111000|PRODUTO MARVI|MARVI|MARVI|WILIAN|18997|79741|SAIDA|1|0|||14280|602|23/05/2024|12:21:35|14279
EGT1C61|11111000|PRODUTO MARVI|MARVI|MARVI|ANDERSON|19050|79742|SAIDA DE VIAGEM|1|0|||28820|603|23/05/2024|12:59:02|28819
FRI0F09|11111000|PRODUTO MARVI|MARVI|MARVI|DAVI|19053|79744|SAIDA|1|0|||21460|605|23/05/2024|13:50:11|21459
LQN8405|2227073|FRASCOS|PLASTIRICO|PLASTIRICO|CARLOS ALBERTO|429841759|79746|NF:78474|10000|608|23/05/2024|14:46:35|8940|611|23/05/2024|16:02:42|1060
CNZ9234|11111022|SUCATAS|MARVI|PARTICULAR|RUBENS|XXX|79747|SUCATAS|3240|610|23/05/2024|15:52:27|3660|613|23/05/2024|16:45:01|420
CNZ9234|11111022|SUCATAS|MARVI|PARTICULAR|RUBENS|XXX|79749|SUCATAS|3660|614|23/05/2024|16:45:34|4000|616|23/05/2024|17:00:39|340
DBC0F65|50953005|GAS GLP|ULTRAGAZ|ULTRAGAZ|CLAUDINEI|21504777|79750|NF003274449 KL20780|44620|617|24/05/2024|06:58:10|23860|626|24/05/2024|11:01:38|20760
DUI0F22|11111037|BAGS|MARVI|WASHINGTON|ARY EDUARDO|XXX|79751|COLETA DE BAGS|12260|619|24/05/2024|08:17:42|12800|624|24/05/2024|10:15:24|540
GFZ3I01|11111000|PRODUTO MARVI|MARVI|MARVI|WILSON|19037|79752|VIAGEM PARA O|1|0|26/04/2024|07:25:47|22080|620|24/05/2024|08:22:41|22079
EZW6C33|11111000|PRODUTO MARVI|MARVI|PARTICULAR|ULICES|XXX|79753|RETIRADA DE PRODUTOS|960|621|24/05/2024|09:03:13|1140|622|24/05/2024|09:37:53|180
GFX2A24|11111000|PRODUTO MARVI|MARVI|VISPAN|MARLON|XXX|79754|COLETA DOCA 02|3600|623|24/05/2024|10:07:01|4100|625|24/05/2024|10:51:07|500
KUM4G39|11111002|CAIXAS DE PAPELAO|COSTATEIXA|COSTA TEIXE|VALDEMAR|XXX|79755|ENTREGA DEPOSITO > NF 261138|13580|627|24/05/2024|11:28:18|10540|628|24/05/2024|12:53:23|3040
LUG4J97|2215004|CONES|CATUAI|CATUAI|JOSE|XXX|79756|ENTREGA NF 58597|5340|629|24/05/2024|16:11:40|5020|630|24/05/2024|16:50:29|320
FXQ2B34|11111007|BOBINAS|INFLEX|INFLEX|MARCELO|XXX|79757|ENTREGA DE BIBINAS KG 339,950|1660|631|24/05/2024|17:44:50|1300|632|24/05/2024|18:01:34|360
AQG2D96|11111000|PRODUTO MARVI|MARVI|PARTICULAR|AMAURI SAID|XX|79759|COLETA|4120|634|25/05/2024|07:57:39|7240|636|25/05/2024|10:34:53|3120
EFK2H32|11111000|PRODUTO MARVI|MARVI|MARVI|NELSON|19054|79760|RIO DE JANEIRO|1|0|26/04/2024|10:56:51|26640|637|25/05/2024|12:44:45|26639
FPJ1G71|11111000|PRODUTO MARVI|MARVI|MARVI|RAFAEL|19051|79761|SAIDA|1|0|26/04/2024|06:38:14|31000|638|26/05/2024|05:57:02|30999
GBJ7D69|11111000|PRODUTO MARVI|MARVI|MARVI|FELIPE|19062|79762|MINAS > CONTAGEM|1|0|||24600|639|26/05/2024|07:39:02|24599
FJQ5D89|11111000|PRODUTO MARVI|MARVI|MARVI|ANTONIO|19057|79763|BRASILIA > DF|1|0|||28160|640|26/05/2024|08:51:45|28159
GBJ0J70|11111000|PRODUTO MARVI|MARVI|MARVI|CAROLINE|19040|79764|JACAREI|1|0|||13720|641|26/05/2024|11:46:04|13719
FTG3I71|11111000|PRODUTO MARVI|MARVI|MARVI|WESLEY|19045|79765|VALINHOS|1|0|26/04/2024|11:01:59|24140|642|26/05/2024|13:04:01|24139
FUH5H50|11111000|PRODUTO MARVI|MARVI|MARVI|WILLIAN|19039|79766|GUARULHOS|1|0|||21120|643|26/05/2024|13:13:10|21119
GCT1F89|11111000|PRODUTO MARVI|MARVI|MARVI|EVERTON|19055|79767|CURUMBA|1|0|||19220|644|26/05/2024|16:58:46|19219
PEP3E02|11111010|MATERIA PRIMA|BAUM|BAUM|OTAVIO|XX|79768|POLPAS NF:96906|1740|645|27/05/2024|07:15:54|1380|646|27/05/2024|07:41:46|360
CKS2C52|11111012|OLEO DIESEL|UNIPETRO|UNIPETRO|HELIO|4360269|79770|NF:218398|33160|648|27/05/2024|09:38:35|16460|651|27/05/2024|10:46:54|16700
FBQ2D39|11111000|PRODUTO MARVI|MARVI|Mrvi|anisio|19067|79772|SAIDA MINAS GERAIS|1|0|||10200|653|27/05/2024|13:06:34|10199
AIT0690|11111000|PRODUTO MARVI|MARVI|PARTICULAR|LUIS|XX|79774|FRETEIRO|4180|655|27/05/2024|13:19:37|7280|660|27/05/2024|15:00:54|3100
FNO0F49|11111000|PRODUTO MARVI|MARVI|MARVI|RAFAEL|19072|79775|SAIDA PARA COTIA|1|0|||23300|657|27/05/2024|13:34:25|23299
AHB2540|11111022|SUCATAS|MARVI|PARTICULAR|NATANAEL|XXX|79777|COMPRA DE SUCATAS|820|661|28/05/2024|08:14:19|1240|663|28/05/2024|08:36:58|420
AHB2540|11111022|SUCATAS|MARVI|PARTICULAR|NATANAEL|XXXX|79779|SUCATAS|820|0|22/05/2024|14:18:53|1100|664|28/05/2024|09:30:44|280
AHB2540|11111022|SUCATAS|MARVI|PARTICULAR|NATANAEL|XXX|79780|SUCATAS > AR CONDICIONADO|1100|665|28/05/2024|09:31:27|1220|666|28/05/2024|09:44:21|120
FWEE8E41|11111000|PRODUTO MARVI|MARVI|MARVI|CLEBSON|19073|79781|CUIABA|1|0|||23300|667|28/05/2024|09:50:35|23299
BCW8B26|11111000|PRODUTO MARVI|MARVI|O.S DOMINGUES|ODAIR SANCHES|XXX|79782|COLETA DOCA 4|1980|668|28/05/2024|10:01:08|2040|670|28/05/2024|11:04:35|60
DKK2650|11111000|PRODUTO MARVI|MARVI|MARVI LOJA|LUCAS|19084|79783|MARVI LOJA|1120|0|23/05/2024|09:34:44|1260|669|28/05/2024|10:21:54|140
BCW8B26|11111031|MASSINHA|MARVI|O.S DOMINGUES|ODAIR SANCHES|XXX|79784|MASSINHA|2040|671|28/05/2024|11:05:20|2120|672|28/05/2024|11:10:33|80
GIA3B84|11111000|PRODUTO MARVI|MARVI|MARVI|ADILSON|19041|79785|SAIR VIAJAR CURITIBA|1|0|26/04/2024|21:30:31|26180|673|28/05/2024|12:02:08|26179
DFG1860|11111000|PRODUTO MARVI|MARVI|MARVI|JUAN / PED|XXX|79786|LEVAR PRODU > MARVI LOJA|1020|674|28/05/2024|15:25:56|1040|676|28/05/2024|15:36:17|20
FZG4B30|11111000|PRODUTO MARVI|MARVI|PARTICULAR|REGIS|XXX|79787|RETIRADA DOCA 2|2260|675|28/05/2024|15:32:59|3380|677|28/05/2024|16:25:32|1120
FKX8J59|11111000|PRODUTO MARVI|MARVI|MARVI|HERALDO|19043|79788|OSASCO|1|0|||15060|678|29/05/2024|02:08:58|15059
