2024-04-25 07:47:21,478 - DFI => Execução iniciada
2024-04-25 07:47:21,495 -     => Main - Execução iniciada
2024-04-25 07:47:54,522 - DFI => Execução iniciada
2024-04-25 07:47:54,530 -     => Main - Execução iniciada
2024-04-25 07:48:05,657 - DFI => Execução iniciada
2024-04-25 07:48:05,665 -     => Main - Execução iniciada
2024-04-25 07:48:05,666 -     => commodities - Execução iniciada
2024-04-25 07:48:05,667 -       => Error: Parâmetro encontrado com valor incorreto: Esse módulo aceita somente a origem [Excel]                                                                                                                   
2024-04-25 07:48:38,509 - DFI => Execução iniciada
2024-04-25 07:48:38,534 -     => Main - Execução iniciada
2024-04-25 07:48:38,535 -     => commodities - Execução iniciada
2024-04-25 07:49:19,549 - DFI => Execução iniciada
2024-04-25 07:49:19,574 -     => Main - Execução iniciada
2024-04-25 07:49:19,575 -     => balancasp6000 - Execução iniciada
2024-04-25 07:49:28,915 -     => Main - Execução concluída
2024-04-25 07:50:56,096 - DFI => Execução iniciada
2024-04-25 07:50:56,104 -     => Main - Execução iniciada
2024-04-25 07:50:56,104 -     => balancasp6000 - Execução iniciada
2024-04-25 07:50:56,105 -     => Main - Execução concluída
2024-04-25 07:55:11,228 - DFI => Execução iniciada
2024-04-25 07:55:11,236 -     => Main - Execução iniciada
2024-04-25 07:55:11,236 -     => balancasp6000 - Execução iniciada
2024-04-25 07:55:11,237 -     => balancasp6000 - Execução concluída
2024-04-25 07:55:11,237 -     => Main - Execução concluída
2024-04-25 07:56:52,576 - DFI => Execução iniciada
2024-04-25 07:56:52,606 -     => Main - Execução iniciada
2024-04-25 07:56:52,606 -     => commodities - Execução iniciada
2024-04-25 07:59:31,229 -     => commodities - Execução concluída
2024-04-25 07:59:31,230 -     => avacorp - Execução iniciada
2024-04-25 08:56:08,785 - DFI => Execução iniciada
2024-04-25 08:56:08,815 -     => Main - Execução iniciada
2024-04-25 08:56:08,816 -     => commodities - Execução iniciada
2024-04-25 09:04:50,559 - DFI => Execução iniciada
2024-04-25 09:04:50,595 -     => Main - Execução iniciada
2024-04-25 09:04:50,596 -     => commodities - Execução iniciada
2024-04-25 09:08:36,845 - DFI => Execução iniciada
2024-04-25 09:08:36,870 -     => Main - Execução iniciada
2024-04-25 09:08:36,871 -     => commodities - Execução iniciada
2024-04-25 09:12:43,365 - DFI => Execução iniciada
2024-04-25 09:12:43,390 -     => Main - Execução iniciada
2024-04-25 09:12:43,391 -     => commodities - Execução iniciada
2024-04-25 09:26:02,447 - DFI => Execução iniciada
2024-04-25 09:26:02,479 -     => Main - Execução iniciada
2024-04-25 09:26:02,480 -     => commodities - Execução iniciada
2024-04-25 09:26:45,313 - DFI => Execução iniciada
2024-04-25 09:26:45,339 -     => Main - Execução iniciada
2024-04-25 09:26:45,340 -     => commodities - Execução iniciada
2024-04-25 11:29:08,030 - DFI => Execução iniciada
2024-04-25 11:29:08,055 -     => Main - Execução iniciada
2024-04-25 11:29:08,055 -     => balancasp6000 - Execução iniciada
2024-04-25 11:29:11,758 -     => balancasp6000 - Execução concluída
2024-04-25 11:29:11,758 -     => Main - Execução concluída
2024-04-25 11:30:54,211 - DFI => Execução iniciada
2024-04-25 11:30:54,235 -     => Main - Execução iniciada
2024-04-25 11:30:54,237 -     => balancasp6000 - Execução iniciada
2024-04-25 11:49:30,085 - DFI => Execução iniciada
2024-04-25 11:49:30,100 -     => Main - Execução iniciada
2024-04-25 11:49:30,100 -     => balancasp6000 - Execução iniciada
2024-04-25 11:49:30,330 -     => balancasp6000 - Execução concluída
2024-04-25 11:49:30,330 -     => Main - Execução concluída
2024-04-25 11:51:30,400 -     => Main - Execução iniciada
2024-04-25 11:51:30,400 -     => balancasp6000 - Execução iniciada
2024-04-25 11:51:30,489 -     => balancasp6000 - Execução concluída
2024-04-25 11:51:30,489 -     => Main - Execução concluída
2024-04-25 11:52:21,608 - DFI => Execução iniciada
2024-04-25 11:52:21,616 -     => Main - Execução iniciada
2024-04-25 11:52:21,616 -     => balancasp6000 - Execução iniciada
2024-04-25 11:52:21,936 -     => balancasp6000 - Execução concluída
2024-04-25 11:52:21,936 -     => Main - Execução concluída
2024-04-25 11:57:38,158 - DFI => Execução iniciada
2024-04-25 11:57:38,166 -     => Main - Execução iniciada
2024-04-25 11:57:38,167 -     => balancasp6000 - Execução iniciada
2024-04-25 11:57:39,207 -     => balancasp6000 - Execução concluída
2024-04-25 11:57:39,207 -     => Main - Execução concluída
2024-04-25 11:59:39,287 -     => Main - Execução iniciada
2024-04-25 11:59:39,288 -     => balancasp6000 - Execução iniciada
2024-04-25 11:59:39,419 -     => balancasp6000 - Execução concluída
2024-04-25 11:59:39,419 -     => Main - Execução concluída
2024-04-25 16:05:40,958 - DFI => Execução iniciada
2024-04-25 16:05:40,993 -     => Main - Execução iniciada
2024-04-25 16:05:40,994 -     => balancasp6000 - Execução iniciada
2024-04-25 16:16:14,607 - DFI => Execução iniciada
2024-04-25 16:16:14,651 -     => Main - Execução iniciada
2024-04-25 16:16:14,652 -     => balancasp6000 - Execução iniciada
2024-04-25 16:16:31,198 - DFI => Execução iniciada
2024-04-25 16:16:31,225 -     => Main - Execução iniciada
2024-04-25 16:16:31,226 -     => balancasp6000 - Execução iniciada
2024-04-25 16:31:51,092 - DFI => Execução iniciada
2024-04-25 16:31:51,122 -     => Main - Execução iniciada
2024-04-25 16:31:51,124 -     => balancasp6000 - Execução iniciada
2024-04-25 16:51:11,621 - DFI => Execução iniciada
2024-04-25 16:51:11,654 -     => Main - Execução iniciada
2024-04-25 16:51:11,655 -     => balancasp6000 - Execução iniciada
2024-04-25 16:52:10,415 - DFI => Execução iniciada
2024-04-25 16:52:10,440 -     => Main - Execução iniciada
2024-04-25 16:52:10,441 -     => balancasp6000 - Execução iniciada
2024-04-25 16:53:44,706 - DFI => Execução iniciada
2024-04-25 16:53:44,733 -     => Main - Execução iniciada
2024-04-25 16:53:44,734 -     => balancasp6000 - Execução iniciada
2024-04-25 16:53:44,914 -     => balancasp6000 - Execução concluída
2024-04-25 16:53:44,914 -     => Main - Execução concluída
2024-04-25 16:55:44,975 -     => Main - Execução iniciada
2024-04-25 16:55:44,976 -     => balancasp6000 - Execução iniciada
2024-04-25 16:55:45,083 -     => balancasp6000 - Execução concluída
2024-04-25 16:55:45,083 -     => Main - Execução concluída
2024-04-25 16:57:45,160 -     => Main - Execução iniciada
2024-04-25 16:57:45,162 -     => balancasp6000 - Execução iniciada
2024-04-25 16:57:45,316 -     => balancasp6000 - Execução concluída
2024-04-25 16:57:45,316 -     => Main - Execução concluída
2024-04-25 16:59:41,334 - DFI => Execução iniciada
2024-04-25 16:59:41,360 -     => Main - Execução iniciada
2024-04-25 16:59:41,361 -     => balancasp6000 - Execução iniciada
2024-04-25 16:59:41,875 -     => balancasp6000 - Execução concluída
2024-04-25 16:59:41,875 -     => Main - Execução concluída
2024-04-25 17:01:41,930 -     => Main - Execução iniciada
2024-04-25 17:01:41,932 -     => balancasp6000 - Execução iniciada
2024-04-25 17:01:42,077 -     => balancasp6000 - Execução concluída
2024-04-25 17:01:42,077 -     => Main - Execução concluída
2024-04-25 17:03:42,129 -     => Main - Execução iniciada
2024-04-25 17:03:42,132 -     => balancasp6000 - Execução iniciada
2024-04-25 17:03:42,285 -     => balancasp6000 - Execução concluída
2024-04-25 17:03:42,286 -     => Main - Execução concluída
2024-04-25 17:05:42,341 -     => Main - Execução iniciada
2024-04-25 17:05:42,341 -     => balancasp6000 - Execução iniciada
2024-04-25 17:05:42,717 -     => balancasp6000 - Execução concluída
2024-04-25 17:05:42,717 -     => Main - Execução concluída
2024-04-25 17:14:08,628 - DFI => Execução iniciada
2024-04-25 17:14:08,655 -     => Main - Execução iniciada
2024-04-25 17:14:08,656 -     => balancasp6000 - Execução iniciada
2024-04-25 17:14:08,849 -     => balancasp6000 - Execução concluída
2024-04-25 17:14:08,849 -     => Main - Execução concluída
2024-04-25 17:14:36,605 - DFI => Execução iniciada
2024-04-25 17:14:36,639 -     => Main - Execução iniciada
2024-04-25 17:14:36,640 -     => avacorp - Execução iniciada
2024-04-25 17:16:51,972 -     => avacorp - Execução concluída
2024-04-25 17:16:51,984 -     => balancasp6000 - Execução iniciada
2024-04-25 17:16:52,162 -     => balancasp6000 - Execução concluída
2024-04-25 17:16:52,163 -     => Main - Execução concluída
2024-04-25 17:18:52,224 -     => Main - Execução iniciada
2024-04-25 17:18:52,227 -     => avacorp - Execução iniciada
2024-04-25 17:20:58,540 -     => avacorp - Execução concluída
2024-04-25 17:20:58,552 -     => balancasp6000 - Execução iniciada
2024-04-25 17:20:58,681 -     => balancasp6000 - Execução concluída
2024-04-25 17:20:58,681 -     => Main - Execução concluída
2024-04-25 17:21:42,744 - DFI => Execução iniciada
2024-04-25 17:21:42,758 -     => Main - Execução iniciada
2024-04-25 17:21:42,758 -     => commodities - Execução iniciada
2024-04-25 17:22:33,467 -     => commodities - Execução concluída
2024-04-25 17:22:33,477 -     => avacorp - Execução iniciada
2024-04-25 17:23:57,855 -     => avacorp - Execução concluída
2024-04-25 17:23:57,871 -     => balancasp6000 - Execução iniciada
2024-04-25 17:23:57,991 -     => balancasp6000 - Execução concluída
2024-04-25 17:23:57,991 -     => Main - Execução concluída
2024-04-25 17:25:58,064 -     => Main - Execução iniciada
2024-04-25 17:25:58,065 -     => commodities - Execução iniciada
2024-04-25 17:26:50,358 -     => commodities - Execução concluída
2024-04-25 17:26:50,367 -     => avacorp - Execução iniciada
2024-04-25 17:28:11,313 -     => avacorp - Execução concluída
2024-04-25 17:28:11,325 -     => balancasp6000 - Execução iniciada
2024-04-25 17:28:11,508 -     => balancasp6000 - Execução concluída
2024-04-25 17:28:11,508 -     => Main - Execução concluída
