2024-04-26 09:21:24,335 - DFI => Execução iniciada
2024-04-26 09:21:24,358 -     => Main - Execução iniciada
2024-04-26 09:21:24,358 -     => commodities - Execução iniciada
2024-04-26 09:22:24,509 -     => commodities - Execução concluída
2024-04-26 09:22:24,518 -     => avacorp - Execução iniciada
2024-04-26 09:24:22,135 -     => avacorp - Execução concluída
2024-04-26 09:24:22,146 -     => balancasp6000 - Execução iniciada
2024-04-26 09:24:22,591 -     => balancasp6000 - Execução concluída
2024-04-26 09:24:22,591 -     => Main - Execução concluída
2024-04-26 09:26:22,704 -     => Main - Execução iniciada
2024-04-26 09:26:22,705 -     => commodities - Execução iniciada
2024-04-26 09:27:25,889 -     => commodities - Execução concluída
2024-04-26 09:27:25,900 -     => avacorp - Execução iniciada
2024-04-26 11:18:37,303 - DFI => Execução iniciada
2024-04-26 11:18:37,347 -     => Main - Execução iniciada
2024-04-26 11:18:37,348 -     => balancasp6000 - Execução iniciada
2024-04-26 11:48:01,014 - DFI => Execução iniciada
2024-04-26 11:48:01,050 -     => Main - Execução iniciada
2024-04-26 11:48:01,051 -     => balancasp6000 - Execução iniciada
2024-04-26 11:52:48,173 - DFI => Execução iniciada
2024-04-26 11:52:48,200 -     => Main - Execução iniciada
2024-04-26 11:52:48,202 -     => balancasp6000 - Execução iniciada
2024-04-26 12:03:49,822 - DFI => Execução iniciada
2024-04-26 12:03:49,850 -     => Main - Execução iniciada
2024-04-26 12:03:49,851 -     => balancasp6000 - Execução iniciada
2024-04-26 12:12:47,165 - DFI => Execução iniciada
2024-04-26 12:12:47,191 -     => Main - Execução iniciada
2024-04-26 12:12:47,192 -     => balancasp6000 - Execução iniciada
2024-04-26 12:20:22,010 -       => Error:       (X) importTxtToDataframe.py.[executeImportTxtToDataframe]: Erro durante a importação de dados:: Excel file format cannot be determined, you must specify an engine manually.
2024-04-26 12:20:35,970 - DFI => Execução iniciada
2024-04-26 12:20:35,997 -     => Main - Execução iniciada
2024-04-26 12:20:35,998 -     => balancasp6000 - Execução iniciada
2024-04-26 14:15:44,525 - DFI => Execução iniciada
2024-04-26 14:15:44,561 -     => Main - Execução iniciada
2024-04-26 14:15:44,562 -     => balancasp6000 - Execução iniciada
2024-04-26 14:16:09,756 - DFI => Execução iniciada
2024-04-26 14:16:09,782 -     => Main - Execução iniciada
2024-04-26 14:16:09,783 -     => balancasp6000 - Execução iniciada
2024-04-26 14:17:18,141 - DFI => Execução iniciada
2024-04-26 14:17:18,168 -     => Main - Execução iniciada
2024-04-26 14:17:18,169 -     => balancasp6000 - Execução iniciada
2024-04-26 14:19:02,886 - DFI => Execução iniciada
2024-04-26 14:19:02,913 -     => Main - Execução iniciada
2024-04-26 14:19:02,914 -     => balancasp6000 - Execução iniciada
2024-04-26 14:19:59,108 - DFI => Execução iniciada
2024-04-26 14:19:59,135 -     => Main - Execução iniciada
2024-04-26 14:19:59,136 -     => balancasp6000 - Execução iniciada
2024-04-26 14:22:41,649 - DFI => Execução iniciada
2024-04-26 14:22:41,680 -     => Main - Execução iniciada
2024-04-26 14:22:41,681 -     => balancasp6000 - Execução iniciada
2024-04-26 14:23:13,532 - DFI => Execução iniciada
2024-04-26 14:23:13,561 -     => Main - Execução iniciada
2024-04-26 14:23:13,562 -     => balancasp6000 - Execução iniciada
2024-04-26 14:23:19,089 - DFI => Execução iniciada
2024-04-26 14:23:19,117 -     => Main - Execução iniciada
2024-04-26 14:23:19,118 -     => balancasp6000 - Execução iniciada
2024-04-26 14:23:23,263 - DFI => Execução iniciada
2024-04-26 14:23:23,293 -     => Main - Execução iniciada
2024-04-26 14:23:23,294 -     => balancasp6000 - Execução iniciada
2024-04-26 14:24:21,790 - DFI => Execução iniciada
2024-04-26 14:24:21,821 -     => Main - Execução iniciada
2024-04-26 14:24:21,822 -     => balancasp6000 - Execução iniciada
2024-04-26 14:25:54,700 - DFI => Execução iniciada
2024-04-26 14:25:54,732 -     => Main - Execução iniciada
2024-04-26 14:25:54,733 -     => balancasp6000 - Execução iniciada
2024-04-26 14:26:15,156 -       => Error:       (X) importTxtToDataframe.py.[executeImportTxtToDataframe]: Erro durante a importação de dados:: 'DataFrame' object has no attribute 'colums'
2024-04-26 14:26:38,036 - DFI => Execução iniciada
2024-04-26 14:26:38,063 -     => Main - Execução iniciada
2024-04-26 14:26:38,064 -     => balancasp6000 - Execução iniciada
2024-04-26 14:28:46,541 - DFI => Execução iniciada
2024-04-26 14:28:46,568 -     => Main - Execução iniciada
2024-04-26 14:28:46,569 -     => balancasp6000 - Execução iniciada
2024-04-26 15:27:29,674 - DFI => Execução iniciada
2024-04-26 15:27:29,719 -     => Main - Execução iniciada
2024-04-26 15:27:29,720 -     => balancasp6000 - Execução iniciada
2024-04-26 15:36:56,106 - DFI => Execução iniciada
2024-04-26 15:36:56,135 -     => Main - Execução iniciada
2024-04-26 15:36:56,136 -     => balancasp6000 - Execução iniciada
2024-04-26 15:48:13,137 - DFI => Execução iniciada
2024-04-26 15:48:13,164 -     => Main - Execução iniciada
2024-04-26 15:48:13,165 -     => balancasp6000 - Execução iniciada
2024-04-26 15:54:16,803 - DFI => Execução iniciada
2024-04-26 15:54:16,830 -     => Main - Execução iniciada
2024-04-26 15:54:16,832 -     => balancasp6000 - Execução iniciada
2024-04-26 16:02:54,975 - DFI => Execução iniciada
2024-04-26 16:02:55,004 -     => Main - Execução iniciada
2024-04-26 16:02:55,005 -     => balancasp6000 - Execução iniciada
2024-04-26 16:02:55,987 -       => Error:       (X) importTxtToDataframe.py.[importTxtToDataframe]: Erro ao importar informações dos arquivos em série:: can only concatenate str (not "KeyError") to str
2024-04-26 16:03:40,478 - DFI => Execução iniciada
2024-04-26 16:03:40,505 -     => Main - Execução iniciada
2024-04-26 16:03:40,506 -     => balancasp6000 - Execução iniciada
2024-04-26 16:04:19,986 -       => Error:       (X) importTxtToDataframe.py.[importTxtToDataframe]: Erro ao importar informações dos arquivos em série:: can only concatenate str (not "KeyError") to str
2024-04-26 16:04:33,138 - DFI => Execução iniciada
2024-04-26 16:04:33,163 -     => Main - Execução iniciada
2024-04-26 16:04:33,164 -     => balancasp6000 - Execução iniciada
2024-04-26 16:14:37,824 - DFI => Execução iniciada
2024-04-26 16:14:37,851 -     => Main - Execução iniciada
2024-04-26 16:14:37,853 -     => balancasp6000 - Execução iniciada
2024-04-26 16:17:12,300 - DFI => Execução iniciada
2024-04-26 16:17:12,327 -     => Main - Execução iniciada
2024-04-26 16:17:12,329 -     => balancasp6000 - Execução iniciada
2024-04-26 16:17:45,626 -     => balancasp6000 - Execução concluída
2024-04-26 16:17:45,626 -     => Main - Execução concluída
2024-04-26 16:18:12,990 - DFI => Execução iniciada
2024-04-26 16:18:13,017 -     => Main - Execução iniciada
2024-04-26 16:18:13,018 -     => balancasp6000 - Execução iniciada
2024-04-26 16:20:11,903 -     => balancasp6000 - Execução concluída
2024-04-26 16:20:11,903 -     => Main - Execução concluída
2024-04-26 16:22:12,037 -     => Main - Execução iniciada
2024-04-26 16:22:12,037 -     => balancasp6000 - Execução iniciada
2024-04-26 16:27:29,140 - DFI => Execução iniciada
2024-04-26 16:27:29,166 -     => Main - Execução iniciada
2024-04-26 16:27:29,168 -     => balancasp6000 - Execução iniciada
2024-04-26 16:28:53,530 - DFI => Execução iniciada
2024-04-26 16:28:53,542 -     => Main - Execução iniciada
2024-04-26 16:28:53,543 -     => commodities - Execução iniciada
2024-04-26 16:29:37,219 - DFI => Execução iniciada
2024-04-26 16:29:37,250 -     => Main - Execução iniciada
2024-04-26 16:29:37,251 -     => commodities - Execução iniciada
2024-04-26 16:29:54,998 - DFI => Execução iniciada
2024-04-26 16:29:55,025 -     => Main - Execução iniciada
2024-04-26 16:29:55,026 -     => balancasp6000 - Execução iniciada
2024-04-26 16:30:01,272 -     => balancasp6000 - Execução concluída
2024-04-26 16:30:01,272 -     => Main - Execução concluída
2024-04-26 16:30:29,899 - DFI => Execução iniciada
2024-04-26 16:30:29,929 -     => Main - Execução iniciada
2024-04-26 16:30:29,930 -     => commodities - Execução iniciada
2024-04-26 16:34:52,748 -     => commodities - Execução concluída
2024-04-26 16:34:52,758 -     => avacorp - Execução iniciada
2024-04-26 16:38:39,599 -     => avacorp - Execução concluída
2024-04-26 16:38:39,614 -     => balancasp6000 - Execução iniciada
2024-04-26 16:38:40,623 -     => balancasp6000 - Execução concluída
2024-04-26 16:38:40,624 -     => Main - Execução concluída
2024-04-26 16:40:40,704 -     => Main - Execução iniciada
2024-04-26 16:40:40,706 -     => commodities - Execução iniciada
2024-04-26 16:45:25,493 -     => commodities - Execução concluída
2024-04-26 16:45:25,501 -     => avacorp - Execução iniciada
2024-04-26 16:47:53,742 - DFI => Execução iniciada
2024-04-26 16:47:53,757 -     => Main - Execução iniciada
2024-04-26 16:47:53,757 -     => balancasp6000 - Execução iniciada
2024-04-26 16:47:56,324 -     => balancasp6000 - Execução concluída
2024-04-26 16:47:56,324 -     => Main - Execução concluída
2024-04-26 16:49:56,398 -     => Main - Execução iniciada
2024-04-26 16:49:56,398 -     => balancasp6000 - Execução iniciada
2024-04-26 16:49:58,310 -     => balancasp6000 - Execução concluída
2024-04-26 16:49:58,310 -     => Main - Execução concluída
2024-04-26 17:55:59,086 - DFI => Execução iniciada
2024-04-26 17:55:59,121 -     => Main - Execução iniciada
2024-04-26 17:55:59,122 -     => balancasp6000 - Execução iniciada
2024-04-26 17:56:55,256 -       => Error:       (X) exportDataframeToTxt.py.[exportDataframeToTxt]: Exportando informações:: [WinError 183] Não é possível criar um arquivo já existente: 'logs'
2024-04-26 17:59:51,828 - DFI => Execução iniciada
2024-04-26 17:59:51,856 -     => Main - Execução iniciada
2024-04-26 17:59:51,857 -     => balancasp6000 - Execução iniciada
2024-04-26 18:11:20,682 - DFI => Execução iniciada
2024-04-26 18:11:20,708 -     => Main - Execução iniciada
2024-04-26 18:11:20,709 -     => balancasp6000 - Execução iniciada
2024-04-26 18:12:04,424 - DFI => Execução iniciada
2024-04-26 18:12:04,433 -     => Main - Execução iniciada
2024-04-26 18:12:04,433 -     => balancasp6000 - Execução iniciada
2024-04-26 18:12:04,906 -       => Error:       (X) tools.py.[verifyFile]: O arquivo dfi_balancasp6000_log-2024-04-26.log não foi encontrado no caminho D:\Development\Python\dfi\arquivos-historico\balancasp6000.: 
2024-04-26 18:12:04,966 -     => balancasp6000 - Execução concluída
2024-04-26 18:12:04,966 -     => Main - Execução concluída
2024-04-26 18:14:05,040 -     => Main - Execução iniciada
2024-04-26 18:14:05,041 -     => balancasp6000 - Execução iniciada
2024-04-26 18:14:05,382 -       => Error:       (X) tools.py.[verifyFile]: O arquivo dfi_balancasp6000_log-2024-04-26.log não foi encontrado no caminho D:\Development\Python\dfi\arquivos-historico\balancasp6000.: 
2024-04-26 18:14:05,441 -     => balancasp6000 - Execução concluída
2024-04-26 18:14:05,441 -     => Main - Execução concluída
2024-04-26 18:16:05,541 -     => Main - Execução iniciada
2024-04-26 18:16:05,542 -     => balancasp6000 - Execução iniciada
2024-04-26 18:16:05,904 -       => Error:       (X) tools.py.[verifyFile]: O arquivo dfi_balancasp6000_log-2024-04-26.log não foi encontrado no caminho D:\Development\Python\dfi\arquivos-historico\balancasp6000.: 
2024-04-26 18:16:05,995 -     => balancasp6000 - Execução concluída
2024-04-26 18:16:05,996 -     => Main - Execução concluída
