2024-04-24 08:29:38,814 - DFI => Execução iniciada
2024-04-24 08:30:04,537 -     => Main - Execução iniciada
2024-04-24 08:30:04,541 -     => commodities - Execução iniciada
2024-04-24 08:35:07,395 - DFI => Execução iniciada
2024-04-24 08:35:08,998 -     => Main - Execução iniciada
2024-04-24 08:35:09,001 -     => commodities - Execução iniciada
2024-04-24 08:35:17,932 -       => Error:       (X) importXlsToDataframe.py.[importXlsSeriesToDataframe]: Erro ao importar informações dos arquivos em série:: 'SourceProduct' object has no attribute 'columns'
2024-04-24 08:37:17,673 - DFI => Execução iniciada
2024-04-24 08:37:19,781 -     => Main - Execução iniciada
2024-04-24 08:37:19,782 -     => commodities - Execução iniciada
2024-04-24 08:37:29,822 -       => Error:       (X) importXlsToDataframe.py.[importXlsSeriesToDataframe]: Erro ao importar informações dos arquivos em série:: 'SourceProduct' object has no attribute 'columns'
2024-04-24 08:39:16,914 - DFI => Execução iniciada
2024-04-24 08:39:16,933 -     => Main - Execução iniciada
2024-04-24 08:39:16,934 -     => commodities - Execução iniciada
2024-04-24 08:41:39,603 - DFI => Execução iniciada
2024-04-24 08:41:39,622 -     => Main - Execução iniciada
2024-04-24 08:41:39,623 -     => commodities - Execução iniciada
2024-04-24 08:42:42,738 - DFI => Execução iniciada
2024-04-24 08:42:42,760 -     => Main - Execução iniciada
2024-04-24 08:42:42,761 -     => commodities - Execução iniciada
2024-04-24 08:56:04,609 - DFI => Execução iniciada
2024-04-24 08:56:04,631 -     => Main - Execução iniciada
2024-04-24 08:56:04,632 -     => commodities - Execução iniciada
2024-04-24 08:57:05,262 -       => Error:       (X) exportDataframeToDatabase.py.[exportDataframeToDatabase]: Erro ao exportar informações para o(s) database(s) de Destino:: Can't reconnect until invalid transaction is rolled back.  Please rollback() fully before proceeding (Background on this error at: https://sqlalche.me/e/20/8s2b)
2024-04-24 08:57:25,192 - DFI => Execução iniciada
2024-04-24 08:57:25,213 -     => Main - Execução iniciada
2024-04-24 08:57:25,213 -     => commodities - Execução iniciada
2024-04-24 08:59:00,457 - DFI => Execução iniciada
2024-04-24 08:59:00,475 -     => Main - Execução iniciada
2024-04-24 08:59:00,476 -     => commodities - Execução iniciada
2024-04-24 08:59:52,579 - DFI => Execução iniciada
2024-04-24 08:59:52,598 -     => Main - Execução iniciada
2024-04-24 08:59:52,599 -     => commodities - Execução iniciada
2024-04-24 09:00:14,977 - DFI => Execução iniciada
2024-04-24 09:00:14,996 -     => Main - Execução iniciada
2024-04-24 09:00:14,997 -     => commodities - Execução iniciada
2024-04-24 09:03:37,282 -     => commodities - Execução concluída
2024-04-24 09:03:37,291 -     => Main - Execução concluída
2024-04-24 09:05:37,348 -     => Main - Execução iniciada
2024-04-24 09:05:37,351 -     => commodities - Execução iniciada
2024-04-24 09:07:34,364 -     => commodities - Execução concluída
2024-04-24 09:07:34,374 -     => Main - Execução concluída
2024-04-24 09:09:34,463 -     => Main - Execução iniciada
2024-04-24 09:09:34,465 -     => commodities - Execução iniciada
2024-04-24 09:11:07,802 -     => commodities - Execução concluída
2024-04-24 09:11:07,811 -     => Main - Execução concluída
2024-04-24 09:11:37,234 - DFI => Execução iniciada
2024-04-24 09:11:37,241 -     => Main - Execução iniciada
2024-04-24 09:11:37,241 -     => commodities - Execução iniciada
2024-04-24 09:11:46,370 -       => Error:       (X) exportDataframeToDatabase.py.[exportDataframeToDatabase]: Erro ao exportar informações para o(s) database(s) de Destino:: Can't reconnect until invalid transaction is rolled back.  Please rollback() fully before proceeding (Background on this error at: https://sqlalche.me/e/20/8s2b)
2024-04-24 09:12:11,413 - DFI => Execução iniciada
2024-04-24 09:12:11,431 -     => Main - Execução iniciada
2024-04-24 09:12:11,432 -     => commodities - Execução iniciada
2024-04-24 09:12:47,159 - DFI => Execução iniciada
2024-04-24 09:12:47,178 -     => Main - Execução iniciada
2024-04-24 09:12:47,179 -     => commodities - Execução iniciada
2024-04-24 09:14:48,860 - DFI => Execução iniciada
2024-04-24 09:14:48,867 -     => Main - Execução iniciada
2024-04-24 09:14:48,867 -     => commodities - Execução iniciada
2024-04-24 09:15:44,916 -     => commodities - Execução concluída
2024-04-24 09:15:44,926 -     => Main - Execução concluída
2024-04-24 09:16:34,424 - DFI => Execução iniciada
2024-04-24 09:16:34,439 -     => Main - Execução iniciada
2024-04-24 09:16:34,439 -     => commodities - Execução iniciada
2024-04-24 09:17:14,978 -       => Error:       (X) exportDataframeToDatabase.py.[exportDataframeToDatabase]: Erro ao exportar informações para o(s) database(s) de Destino:: Can't reconnect until invalid transaction is rolled back.  Please rollback() fully before proceeding (Background on this error at: https://sqlalche.me/e/20/8s2b)
