2024-05-06 07:34:06,076 - DFI => Execução iniciada
2024-05-06 07:34:06,105 -     => Main - Execução iniciada
2024-05-06 07:34:06,105 -     => commodities - Execução iniciada
2024-05-06 07:34:42,107 -     => commodities - Execução concluída
2024-05-06 07:34:42,121 -     => avacorp - Execução iniciada
2024-05-06 07:34:44,347 -       => Error:       (X) connectDatabase.py.[connectDatabase]: Conexão com Origem: Server:Database:[168.75.71.21:dftransportes]:: 'DatabaseSourceInfo' object has no attribute 'get_addressDestiny'
2024-05-06 07:35:00,904 - DFI => Execução iniciada
2024-05-06 07:35:00,928 -     => Main - Execução iniciada
2024-05-06 07:35:00,928 -     => commodities - Execução iniciada
2024-05-06 07:35:37,064 -     => commodities - Execução concluída
2024-05-06 07:35:37,078 -     => balancasp6000 - Execução iniciada
2024-05-06 07:35:37,670 -       => Error:       (X) tools.py.[verifyFile]: O arquivo dfi_balancasp6000_log-2024-05-06.log não foi encontrado no caminho D:\Development\Python\dfi\arquivos-historico\balancasp6000.: 
2024-05-06 07:35:37,706 -     => balancasp6000 - Execução concluída
2024-05-06 07:35:37,706 -     => Main - Execução concluída
2024-05-06 07:40:59,504 - DFI => Execução iniciada
2024-05-06 07:40:59,519 -     => Main - Execução iniciada
2024-05-06 07:40:59,520 -     => commodities - Execução iniciada
2024-05-06 07:41:35,098 -     => commodities - Execução concluída
2024-05-06 07:41:35,112 -     => balancasp6000 - Execução iniciada
2024-05-06 07:41:35,430 -       => Error:       (X) tools.py.[verifyFile]: O arquivo dfi_balancasp6000_log-2024-05-06.log não foi encontrado no caminho D:\Development\Python\dfi\arquivos-historico\balancasp6000.: 
2024-05-06 07:41:35,464 -     => balancasp6000 - Execução concluída
2024-05-06 07:41:35,464 -     => Main - Execução concluída
2024-05-06 07:49:15,691 - DFI => Execução iniciada
2024-05-06 07:49:15,699 -     => Main - Execução iniciada
2024-05-06 07:49:15,699 -     => commodities - Execução iniciada
2024-05-06 07:49:54,680 -     => commodities - Execução concluída
2024-05-06 07:49:54,693 -     => balancasp6000 - Execução iniciada
2024-05-06 07:49:55,021 -       => Error:       (X) tools.py.[verifyFile]: O arquivo dfi_balancasp6000_log-2024-05-06.log não foi encontrado no caminho D:\Development\Python\dfi\arquivos-historico\balancasp6000.: 
2024-05-06 07:49:55,065 -     => balancasp6000 - Execução concluída
2024-05-06 07:49:55,065 -     => Main - Execução concluída
2024-05-06 07:51:55,134 -     => Main - Execução iniciada
2024-05-06 07:51:55,134 -     => commodities - Execução iniciada
2024-05-06 07:52:32,957 -     => commodities - Execução concluída
2024-05-06 07:52:32,971 -     => balancasp6000 - Execução iniciada
2024-05-06 07:52:33,123 -       => Error:       (X) tools.py.[verifyFile]: O arquivo dfi_balancasp6000_log-2024-05-06.log não foi encontrado no caminho D:\Development\Python\dfi\arquivos-historico\balancasp6000.: 
2024-05-06 07:52:33,150 -     => balancasp6000 - Execução concluída
2024-05-06 07:52:33,150 -     => Main - Execução concluída
2024-05-06 07:54:33,218 -     => Main - Execução iniciada
2024-05-06 07:54:33,218 -     => commodities - Execução iniciada
2024-05-06 07:55:14,603 -     => commodities - Execução concluída
2024-05-06 07:55:14,616 -     => balancasp6000 - Execução iniciada
2024-05-06 07:55:14,782 -       => Error:       (X) tools.py.[verifyFile]: O arquivo dfi_balancasp6000_log-2024-05-06.log não foi encontrado no caminho D:\Development\Python\dfi\arquivos-historico\balancasp6000.: 
2024-05-06 07:55:14,812 -     => balancasp6000 - Execução concluída
2024-05-06 07:55:14,812 -     => Main - Execução concluída
2024-05-06 15:25:20,808 - DFI => Execução iniciada
2024-05-06 15:25:20,832 -     => Main - Execução iniciada
2024-05-06 15:25:20,832 -     => commodities - Execução iniciada
2024-05-06 15:25:22,371 -       => Error:       (X) importXlsToDataframe.py.[importXlsSeriesToDataframe]: Importação de arquivos em série Xlsx para Dataframe principal:: executeImportXlsToDataframe() missing 3 required positional arguments: 'infoItems', 'infoDestiny', and 'typeConnect'
2024-05-06 15:26:12,185 - DFI => Execução iniciada
2024-05-06 15:26:12,209 -     => Main - Execução iniciada
2024-05-06 15:26:12,210 -     => commodities - Execução iniciada
2024-05-06 15:27:31,704 - DFI => Execução iniciada
2024-05-06 15:27:31,713 -     => Main - Execução iniciada
2024-05-06 15:27:31,713 -     => commodities - Execução iniciada
2024-05-06 15:27:32,859 -       => Error:       (X) importXlsToDataframe.py.[executeImportXlsToDataframe]: Erro durante a importação de dados:: readFileExcel() missing 3 required positional arguments: 'infoItems', 'infoDestiny', and 'typeConnect'
2024-05-06 15:35:26,844 - DFI => Execução iniciada
2024-05-06 15:35:26,852 -     => Main - Execução iniciada
2024-05-06 15:35:26,852 -     => commodities - Execução iniciada
2024-05-06 15:36:02,237 -     => commodities - Execução concluída
2024-05-06 15:36:02,249 -     => balancasp6000 - Execução iniciada
2024-05-06 15:36:02,844 -       => Error:       (X) tools.py.[verifyFile]: O arquivo dfi_balancasp6000_log-2024-05-06.log não foi encontrado no caminho D:\Development\Python\dfi\arquivos-historico\balancasp6000.: 
2024-05-06 15:36:02,878 -     => balancasp6000 - Execução concluída
2024-05-06 15:36:02,878 -     => Main - Execução concluída
2024-05-06 15:38:02,955 -     => Main - Execução iniciada
2024-05-06 15:38:02,955 -     => commodities - Execução iniciada
2024-05-06 15:38:38,269 -     => commodities - Execução concluída
2024-05-06 15:38:38,284 -     => balancasp6000 - Execução iniciada
2024-05-06 15:38:38,547 -       => Error:       (X) tools.py.[verifyFile]: O arquivo dfi_balancasp6000_log-2024-05-06.log não foi encontrado no caminho D:\Development\Python\dfi\arquivos-historico\balancasp6000.: 
2024-05-06 15:38:38,588 -     => balancasp6000 - Execução concluída
2024-05-06 15:38:38,589 -     => Main - Execução concluída
